{"/home/travis/build/npmtest/node-npmtest-hypernal/test.js":{"path":"/home/travis/build/npmtest/node-npmtest-hypernal/test.js","s":{"1":2,"2":2,"3":2,"4":2,"5":2,"6":2,"7":2,"8":1,"9":2,"10":2,"11":1,"12":1,"13":1,"14":1,"15":2,"16":2,"17":2,"18":2,"19":1,"20":1,"21":2,"22":2,"23":2,"24":1,"25":1,"26":1,"27":1,"28":1,"29":1,"30":1,"31":1,"32":1,"33":1,"34":1,"35":1,"36":1,"37":1,"38":1,"39":2,"40":2,"41":1,"42":2,"43":2,"44":1,"45":2,"46":2,"47":1,"48":2,"49":2,"50":1,"51":1,"52":1,"53":1,"54":1},"b":{"1":[2,1,1,1],"2":[1,1,1,1],"3":[1,1],"4":[1,1],"5":[1,1],"6":[1,1],"7":[1,1],"8":[1,1],"9":[1,1],"10":[1,1,1],"11":[1,1],"12":[1,1],"13":[1,1],"14":[1,1],"15":[1,1],"16":[1,1],"17":[1,1]},"f":{"1":2,"2":2,"3":2,"4":2,"5":2,"6":1,"7":1,"8":1,"9":2,"10":2,"11":2,"12":2,"13":1},"fnMap":{"1":{"name":"(anonymous_1)","line":12,"loc":{"start":{"line":12,"column":1},"end":{"line":12,"column":13}}},"2":{"name":"(anonymous_2)","line":19,"loc":{"start":{"line":19,"column":5},"end":{"line":19,"column":17}}},"3":{"name":"(anonymous_3)","line":23,"loc":{"start":{"line":23,"column":24},"end":{"line":23,"column":36}}},"4":{"name":"(anonymous_4)","line":61,"loc":{"start":{"line":61,"column":5},"end":{"line":61,"column":17}}},"5":{"name":"(anonymous_5)","line":82,"loc":{"start":{"line":82,"column":5},"end":{"line":82,"column":17}}},"6":{"name":"(anonymous_6)","line":91,"loc":{"start":{"line":91,"column":77},"end":{"line":94,"column":10}}},"7":{"name":"(anonymous_7)","line":112,"loc":{"start":{"line":112,"column":83},"end":{"line":115,"column":10}},"skip":true},"8":{"name":"(anonymous_8)","line":123,"loc":{"start":{"line":123,"column":77},"end":{"line":126,"column":10}},"skip":true},"9":{"name":"(anonymous_9)","line":139,"loc":{"start":{"line":139,"column":12},"end":{"line":139,"column":40}},"skip":true},"10":{"name":"(anonymous_10)","line":147,"loc":{"start":{"line":147,"column":77},"end":{"line":150,"column":10}},"skip":true},"11":{"name":"(anonymous_11)","line":158,"loc":{"start":{"line":158,"column":83},"end":{"line":161,"column":10}},"skip":true},"12":{"name":"(anonymous_12)","line":169,"loc":{"start":{"line":169,"column":79},"end":{"line":172,"column":10}},"skip":true},"13":{"name":"(anonymous_13)","line":180,"loc":{"start":{"line":180,"column":75},"end":{"line":183,"column":10}},"skip":true}},"statementMap":{"1":{"start":{"line":12,"column":0},"end":{"line":195,"column":5}},"2":{"start":{"line":14,"column":4},"end":{"line":14,"column":14}},"3":{"start":{"line":19,"column":4},"end":{"line":56,"column":9}},"4":{"start":{"line":21,"column":8},"end":{"line":21,"column":19}},"5":{"start":{"line":23,"column":8},"end":{"line":35,"column":13}},"6":{"start":{"line":24,"column":12},"end":{"line":34,"column":13}},"7":{"start":{"line":25,"column":16},"end":{"line":28,"column":30}},"8":{"start":{"line":30,"column":16},"end":{"line":33,"column":27}},"9":{"start":{"line":37,"column":8},"end":{"line":39,"column":21}},"10":{"start":{"line":40,"column":8},"end":{"line":53,"column":9}},"11":{"start":{"line":43,"column":12},"end":{"line":46,"column":14}},"12":{"start":{"line":47,"column":12},"end":{"line":47,"column":18}},"13":{"start":{"line":50,"column":12},"end":{"line":51,"column":46}},"14":{"start":{"line":52,"column":12},"end":{"line":52,"column":18}},"15":{"start":{"line":55,"column":8},"end":{"line":55,"column":35}},"16":{"start":{"line":61,"column":4},"end":{"line":63,"column":9}},"17":{"start":{"line":62,"column":8},"end":{"line":62,"column":15}},"18":{"start":{"line":64,"column":4},"end":{"line":77,"column":5}},"19":{"start":{"line":70,"column":8},"end":{"line":70,"column":14}},"20":{"start":{"line":76,"column":8},"end":{"line":76,"column":14}},"21":{"start":{"line":82,"column":4},"end":{"line":84,"column":9}},"22":{"start":{"line":83,"column":8},"end":{"line":83,"column":15}},"23":{"start":{"line":85,"column":4},"end":{"line":194,"column":5}},"24":{"start":{"line":91,"column":8},"end":{"line":99,"column":10}},"25":{"start":{"line":98,"column":12},"end":{"line":98,"column":35}},"26":{"start":{"line":102,"column":8},"end":{"line":104,"column":63}},"27":{"start":{"line":105,"column":8},"end":{"line":105,"column":14}},"28":{"start":{"line":112,"column":8},"end":{"line":121,"column":10},"skip":true},"29":{"start":{"line":119,"column":12},"end":{"line":119,"column":55},"skip":true},"30":{"start":{"line":120,"column":12},"end":{"line":120,"column":48},"skip":true},"31":{"start":{"line":123,"column":8},"end":{"line":136,"column":10},"skip":true},"32":{"start":{"line":130,"column":12},"end":{"line":130,"column":76},"skip":true},"33":{"start":{"line":131,"column":12},"end":{"line":131,"column":73},"skip":true},"34":{"start":{"line":132,"column":12},"end":{"line":132,"column":74},"skip":true},"35":{"start":{"line":133,"column":12},"end":{"line":133,"column":79},"skip":true},"36":{"start":{"line":134,"column":12},"end":{"line":134,"column":25},"skip":true},"37":{"start":{"line":135,"column":12},"end":{"line":135,"column":45},"skip":true},"38":{"start":{"line":138,"column":8},"end":{"line":145,"column":14},"skip":true},"39":{"start":{"line":143,"column":16},"end":{"line":143,"column":29},"skip":true},"40":{"start":{"line":144,"column":16},"end":{"line":144,"column":55},"skip":true},"41":{"start":{"line":147,"column":8},"end":{"line":156,"column":10},"skip":true},"42":{"start":{"line":154,"column":12},"end":{"line":154,"column":25},"skip":true},"43":{"start":{"line":155,"column":12},"end":{"line":155,"column":45},"skip":true},"44":{"start":{"line":158,"column":8},"end":{"line":167,"column":10},"skip":true},"45":{"start":{"line":165,"column":12},"end":{"line":165,"column":25},"skip":true},"46":{"start":{"line":166,"column":12},"end":{"line":166,"column":48},"skip":true},"47":{"start":{"line":169,"column":8},"end":{"line":178,"column":10},"skip":true},"48":{"start":{"line":176,"column":12},"end":{"line":176,"column":25},"skip":true},"49":{"start":{"line":177,"column":12},"end":{"line":177,"column":46},"skip":true},"50":{"start":{"line":180,"column":8},"end":{"line":189,"column":10},"skip":true},"51":{"start":{"line":187,"column":12},"end":{"line":187,"column":94},"skip":true},"52":{"start":{"line":188,"column":12},"end":{"line":188,"column":48},"skip":true},"53":{"start":{"line":192,"column":8},"end":{"line":192,"column":35},"skip":true},"54":{"start":{"line":193,"column":8},"end":{"line":193,"column":14},"skip":true}},"branchMap":{"1":{"line":25,"type":"binary-expr","locations":[{"start":{"line":25,"column":23},"end":{"line":25,"column":62}},{"start":{"line":26,"column":20},"end":{"line":26,"column":70}},{"start":{"line":27,"column":20},"end":{"line":27,"column":71}},{"start":{"line":28,"column":20},"end":{"line":28,"column":29}}]},"2":{"line":30,"type":"binary-expr","locations":[{"start":{"line":30,"column":23},"end":{"line":30,"column":37}},{"start":{"line":31,"column":20},"end":{"line":31,"column":61}},{"start":{"line":32,"column":20},"end":{"line":32,"column":70}},{"start":{"line":33,"column":20},"end":{"line":33,"column":26}}]},"3":{"line":37,"type":"cond-expr","locations":[{"start":{"line":38,"column":14},"end":{"line":38,"column":20}},{"start":{"line":39,"column":14},"end":{"line":39,"column":20}}]},"4":{"line":40,"type":"switch","locations":[{"start":{"line":42,"column":8},"end":{"line":47,"column":18}},{"start":{"line":49,"column":8},"end":{"line":52,"column":18}}]},"5":{"line":44,"type":"binary-expr","locations":[{"start":{"line":44,"column":16},"end":{"line":44,"column":44}},{"start":{"line":44,"column":48},"end":{"line":44,"column":66}}]},"6":{"line":50,"type":"binary-expr","locations":[{"start":{"line":50,"column":21},"end":{"line":50,"column":49}},{"start":{"line":50,"column":53},"end":{"line":50,"column":72}}]},"7":{"line":64,"type":"switch","locations":[{"start":{"line":69,"column":4},"end":{"line":70,"column":14}},{"start":{"line":75,"column":4},"end":{"line":76,"column":14}}]},"8":{"line":85,"type":"switch","locations":[{"start":{"line":90,"column":4},"end":{"line":105,"column":14}},{"start":{"line":111,"column":4},"end":{"line":193,"column":14},"skip":true}]},"9":{"line":91,"type":"binary-expr","locations":[{"start":{"line":91,"column":42},"end":{"line":91,"column":73}},{"start":{"line":91,"column":77},"end":{"line":99,"column":9}}]},"10":{"line":102,"type":"binary-expr","locations":[{"start":{"line":102,"column":18},"end":{"line":102,"column":32}},{"start":{"line":103,"column":12},"end":{"line":103,"column":53}},{"start":{"line":104,"column":12},"end":{"line":104,"column":61}}]},"11":{"line":112,"type":"binary-expr","locations":[{"start":{"line":112,"column":45},"end":{"line":112,"column":79},"skip":true},{"start":{"line":112,"column":83},"end":{"line":121,"column":9},"skip":true}]},"12":{"line":123,"type":"binary-expr","locations":[{"start":{"line":123,"column":42},"end":{"line":123,"column":73},"skip":true},{"start":{"line":123,"column":77},"end":{"line":136,"column":9},"skip":true}]},"13":{"line":138,"type":"binary-expr","locations":[{"start":{"line":138,"column":48},"end":{"line":138,"column":85},"skip":true},{"start":{"line":139,"column":12},"end":{"line":145,"column":13},"skip":true}]},"14":{"line":147,"type":"binary-expr","locations":[{"start":{"line":147,"column":42},"end":{"line":147,"column":73},"skip":true},{"start":{"line":147,"column":77},"end":{"line":156,"column":9},"skip":true}]},"15":{"line":158,"type":"binary-expr","locations":[{"start":{"line":158,"column":45},"end":{"line":158,"column":79},"skip":true},{"start":{"line":158,"column":83},"end":{"line":167,"column":9},"skip":true}]},"16":{"line":169,"type":"binary-expr","locations":[{"start":{"line":169,"column":43},"end":{"line":169,"column":75},"skip":true},{"start":{"line":169,"column":79},"end":{"line":178,"column":9},"skip":true}]},"17":{"line":180,"type":"binary-expr","locations":[{"start":{"line":180,"column":41},"end":{"line":180,"column":71},"skip":true},{"start":{"line":180,"column":75},"end":{"line":189,"column":9},"skip":true}]}},"code":["/* istanbul instrument in package npmtest_hypernal */","/*jslint","    bitwise: true,","    browser: true,","    maxerr: 8,","    maxlen: 96,","    node: true,","    nomen: true,","    regexp: true,","    stupid: true","*/","(function () {","    'use strict';","    var local;","","","","    // run shared js-env code - pre-init","    (function () {","        // init local","        local = {};","        // init modeJs","        local.modeJs = (function () {","            try {","                return typeof navigator.userAgent === 'string' &&","                    typeof document.querySelector('body') === 'object' &&","                    typeof XMLHttpRequest.prototype.open === 'function' &&","                    'browser';","            } catch (errorCaughtBrowser) {","                return module.exports &&","                    typeof process.versions.node === 'string' &&","                    typeof require('http').createServer === 'function' &&","                    'node';","            }","        }());","        // init global","        local.global = local.modeJs === 'browser'","            ? window","            : global;","        switch (local.modeJs) {","        // re-init local from window.local","        case 'browser':","            local = local.global.utility2.objectSetDefault(","                local.global.utility2_rollup || local.global.local,","                local.global.utility2","            );","            break;","        // re-init local from example.js","        case 'node':","            local = (local.global.utility2_rollup || require('utility2'))","                .requireExampleJsFromReadme();","            break;","        }","        // export local","        local.global.local = local;","    }());","","","","    // run shared js-env code - function","    (function () {","        return;","    }());","    switch (local.modeJs) {","","","","    // run browser js-env code - function","    case 'browser':","        break;","","","","    // run node js-env code - function","    case 'node':","        break;","    }","","","","    // run shared js-env code - post-init","    (function () {","        return;","    }());","    switch (local.modeJs) {","","","","    // run browser js-env code - post-init","    case 'browser':","        local.testCase_browser_nullCase = local.testCase_browser_nullCase || function (","            options,","            onError","        ) {","        /*","         * this function will test browsers's null-case handling-behavior-behavior","         */","            onError(null, options);","        };","","        // run tests","        local.nop(local.modeTest &&","            document.querySelector('#testRunButton1') &&","            document.querySelector('#testRunButton1').click());","        break;","","","","    // run node js-env code - post-init","    /* istanbul ignore next */","    case 'node':","        local.testCase_buildApidoc_default = local.testCase_buildApidoc_default || function (","            options,","            onError","        ) {","        /*","         * this function will test buildApidoc's default handling-behavior-behavior","         */","            options = { modulePathList: module.paths };","            local.buildApidoc(options, onError);","        };","","        local.testCase_buildApp_default = local.testCase_buildApp_default || function (","            options,","            onError","        ) {","        /*","         * this function will test buildApp's default handling-behavior-behavior","         */","            local.testCase_buildReadme_default(options, local.onErrorThrow);","            local.testCase_buildLib_default(options, local.onErrorThrow);","            local.testCase_buildTest_default(options, local.onErrorThrow);","            local.testCase_buildCustomOrg_default(options, local.onErrorThrow);","            options = [];","            local.buildApp(options, onError);","        };","","        local.testCase_buildCustomOrg_default = local.testCase_buildCustomOrg_default ||","            function (options, onError) {","            /*","             * this function will test buildCustomOrg's default handling-behavior","             */","                options = {};","                local.buildCustomOrg(options, onError);","            };","","        local.testCase_buildLib_default = local.testCase_buildLib_default || function (","            options,","            onError","        ) {","        /*","         * this function will test buildLib's default handling-behavior","         */","            options = {};","            local.buildLib(options, onError);","        };","","        local.testCase_buildReadme_default = local.testCase_buildReadme_default || function (","            options,","            onError","        ) {","        /*","         * this function will test buildReadme's default handling-behavior-behavior","         */","            options = {};","            local.buildReadme(options, onError);","        };","","        local.testCase_buildTest_default = local.testCase_buildTest_default || function (","            options,","            onError","        ) {","        /*","         * this function will test buildTest's default handling-behavior","         */","            options = {};","            local.buildTest(options, onError);","        };","","        local.testCase_webpage_default = local.testCase_webpage_default || function (","            options,","            onError","        ) {","        /*","         * this function will test webpage's default handling-behavior","         */","            options = { modeCoverageMerge: true, url: local.serverLocalHost + '?modeTest=1' };","            local.browserTest(options, onError);","        };","","        // run test-server","        local.testRunServer(local);","        break;","    }","}());",""],"l":{"12":2,"14":2,"19":2,"21":2,"23":2,"24":2,"25":2,"30":1,"37":2,"40":2,"43":1,"47":1,"50":1,"52":1,"55":2,"61":2,"62":2,"64":2,"70":1,"76":1,"82":2,"83":2,"85":2,"91":1,"98":1,"102":1,"105":1,"112":1,"119":1,"120":1,"123":1,"130":1,"131":1,"132":1,"133":1,"134":1,"135":1,"138":1,"143":2,"144":2,"147":1,"154":2,"155":2,"158":1,"165":2,"166":2,"169":1,"176":2,"177":2,"180":1,"187":1,"188":1,"192":1,"193":1}},"/home/travis/build/npmtest/node-npmtest-hypernal/lib.npmtest_hypernal.js":{"path":"/home/travis/build/npmtest/node-npmtest-hypernal/lib.npmtest_hypernal.js","s":{"1":2,"2":2,"3":2,"4":2,"5":2,"6":2,"7":2,"8":1,"9":2,"10":2,"11":2,"12":2,"13":1,"14":1,"15":1,"16":1},"b":{"1":[2,1,1,1],"2":[1,1,1,1],"3":[1,1],"4":[2,2],"5":[1,1]},"f":{"1":2,"2":2,"3":2},"fnMap":{"1":{"name":"(anonymous_1)","line":12,"loc":{"start":{"line":12,"column":1},"end":{"line":12,"column":13}}},"2":{"name":"(anonymous_2)","line":19,"loc":{"start":{"line":19,"column":5},"end":{"line":19,"column":17}}},"3":{"name":"(anonymous_3)","line":23,"loc":{"start":{"line":23,"column":24},"end":{"line":23,"column":36}}}},"statementMap":{"1":{"start":{"line":12,"column":0},"end":{"line":53,"column":5}},"2":{"start":{"line":14,"column":4},"end":{"line":14,"column":14}},"3":{"start":{"line":19,"column":4},"end":{"line":52,"column":9}},"4":{"start":{"line":21,"column":8},"end":{"line":21,"column":19}},"5":{"start":{"line":23,"column":8},"end":{"line":35,"column":13}},"6":{"start":{"line":24,"column":12},"end":{"line":34,"column":13}},"7":{"start":{"line":25,"column":16},"end":{"line":28,"column":30}},"8":{"start":{"line":30,"column":16},"end":{"line":33,"column":27}},"9":{"start":{"line":37,"column":8},"end":{"line":39,"column":21}},"10":{"start":{"line":41,"column":8},"end":{"line":41,"column":54}},"11":{"start":{"line":43,"column":8},"end":{"line":43,"column":53}},"12":{"start":{"line":45,"column":8},"end":{"line":51,"column":9}},"13":{"start":{"line":46,"column":12},"end":{"line":46,"column":59}},"14":{"start":{"line":48,"column":12},"end":{"line":48,"column":35}},"15":{"start":{"line":49,"column":12},"end":{"line":49,"column":49}},"16":{"start":{"line":50,"column":12},"end":{"line":50,"column":43}}},"branchMap":{"1":{"line":25,"type":"binary-expr","locations":[{"start":{"line":25,"column":23},"end":{"line":25,"column":62}},{"start":{"line":26,"column":20},"end":{"line":26,"column":70}},{"start":{"line":27,"column":20},"end":{"line":27,"column":71}},{"start":{"line":28,"column":20},"end":{"line":28,"column":29}}]},"2":{"line":30,"type":"binary-expr","locations":[{"start":{"line":30,"column":23},"end":{"line":30,"column":37}},{"start":{"line":31,"column":20},"end":{"line":31,"column":61}},{"start":{"line":32,"column":20},"end":{"line":32,"column":70}},{"start":{"line":33,"column":20},"end":{"line":33,"column":26}}]},"3":{"line":37,"type":"cond-expr","locations":[{"start":{"line":38,"column":14},"end":{"line":38,"column":20}},{"start":{"line":39,"column":14},"end":{"line":39,"column":20}}]},"4":{"line":41,"type":"binary-expr","locations":[{"start":{"line":41,"column":16},"end":{"line":41,"column":44}},{"start":{"line":41,"column":48},"end":{"line":41,"column":53}}]},"5":{"line":45,"type":"if","locations":[{"start":{"line":45,"column":8},"end":{"line":45,"column":8}},{"start":{"line":45,"column":8},"end":{"line":45,"column":8}}]}},"code":["/* istanbul instrument in package npmtest_hypernal */","/*jslint","    bitwise: true,","    browser: true,","    maxerr: 8,","    maxlen: 96,","    node: true,","    nomen: true,","    regexp: true,","    stupid: true","*/","(function () {","    'use strict';","    var local;","","","","    // run shared js-env code - pre-init","    (function () {","        // init local","        local = {};","        // init modeJs","        local.modeJs = (function () {","            try {","                return typeof navigator.userAgent === 'string' &&","                    typeof document.querySelector('body') === 'object' &&","                    typeof XMLHttpRequest.prototype.open === 'function' &&","                    'browser';","            } catch (errorCaughtBrowser) {","                return module.exports &&","                    typeof process.versions.node === 'string' &&","                    typeof require('http').createServer === 'function' &&","                    'node';","            }","        }());","        // init global","        local.global = local.modeJs === 'browser'","            ? window","            : global;","        // init utility2_rollup","        local = local.global.utility2_rollup || local;","        // init lib","        local.local = local.npmtest_hypernal = local;","        // init exports","        if (local.modeJs === 'browser') {","            local.global.utility2_npmtest_hypernal = local;","        } else {","            module.exports = local;","            module.exports.__dirname = __dirname;","            module.exports.module = module;","        }","    }());","}());",""],"l":{"12":2,"14":2,"19":2,"21":2,"23":2,"24":2,"25":2,"30":1,"37":2,"41":2,"43":2,"45":2,"46":1,"48":1,"49":1,"50":1}},"/home/travis/build/npmtest/node-npmtest-hypernal/example.js":{"path":"/home/travis/build/npmtest/node-npmtest-hypernal/example.js","s":{"1":2,"2":2,"3":2,"4":2,"5":2,"6":2,"7":2,"8":1,"9":2,"10":2,"11":2,"12":2,"13":1,"14":2,"15":2,"16":2,"17":2,"18":2,"19":0,"20":2,"21":1,"22":1,"23":1,"24":1,"25":1,"26":0,"27":0,"28":1,"29":1,"30":2,"31":0,"32":0,"33":0,"34":1,"35":2,"36":2,"37":3,"38":3,"39":3,"40":3,"41":0,"42":3,"43":3,"44":3,"45":1,"46":3,"47":1,"48":1,"49":1,"50":1,"51":1,"52":1,"53":1,"54":1,"55":1,"56":1,"57":0,"58":1,"59":6,"60":6,"61":1,"62":2,"63":0,"64":2,"65":1,"66":1,"67":0,"68":0,"69":0,"70":0,"71":0,"72":0,"73":0,"74":0,"75":0,"76":0,"77":0,"78":0,"79":0,"80":0,"81":0,"82":0,"83":0},"b":{"1":[2,1,1,1],"2":[1,1,1,1],"3":[1,1],"4":[2,2],"5":[1,1],"6":[1,1],"7":[2,0],"8":[2,1,1,1,1,1],"9":[0,2,0],"10":[1,1],"11":[2,1,1],"12":[1,0],"13":[0,2],"14":[2,0,0,0,0,0,0],"15":[0,3],"16":[3,0],"17":[1,1],"18":[0,1],"19":[1,2,0,2],"20":[1,0],"21":[1,1],"22":[0,0],"23":[0,0],"24":[0,0],"25":[0,0],"26":[0,0],"27":[0,0],"28":[0,0]},"f":{"1":2,"2":2,"3":2,"4":2,"5":2,"6":2,"7":3,"8":3,"9":3,"10":1,"11":6,"12":0},"fnMap":{"1":{"name":"(anonymous_1)","line":26,"loc":{"start":{"line":26,"column":1},"end":{"line":26,"column":13}}},"2":{"name":"(anonymous_2)","line":33,"loc":{"start":{"line":33,"column":5},"end":{"line":33,"column":17}}},"3":{"name":"(anonymous_3)","line":37,"loc":{"start":{"line":37,"column":24},"end":{"line":37,"column":36}}},"4":{"name":"(anonymous_4)","line":69,"loc":{"start":{"line":69,"column":31},"end":{"line":69,"column":48}},"skip":true},"5":{"name":"(anonymous_5)","line":78,"loc":{"start":{"line":78,"column":26},"end":{"line":78,"column":45}},"skip":true},"6":{"name":"(anonymous_6)","line":123,"loc":{"start":{"line":123,"column":33},"end":{"line":123,"column":48}},"skip":true},"7":{"name":"(anonymous_7)","line":125,"loc":{"start":{"line":125,"column":27},"end":{"line":125,"column":39}},"skip":true},"8":{"name":"(anonymous_8)","line":133,"loc":{"start":{"line":133,"column":59},"end":{"line":133,"column":74}},"skip":true},"9":{"name":"(anonymous_9)","line":143,"loc":{"start":{"line":143,"column":45},"end":{"line":143,"column":62}},"skip":true},"10":{"name":"(anonymous_10)","line":144,"loc":{"start":{"line":144,"column":73},"end":{"line":144,"column":92}},"skip":true},"11":{"name":"(anonymous_11)","line":272,"loc":{"start":{"line":272,"column":51},"end":{"line":272,"column":77}},"skip":true},"12":{"name":"(anonymous_12)","line":315,"loc":{"start":{"line":315,"column":32},"end":{"line":315,"column":61}},"skip":true}},"statementMap":{"1":{"start":{"line":26,"column":0},"end":{"line":326,"column":5}},"2":{"start":{"line":28,"column":4},"end":{"line":28,"column":14}},"3":{"start":{"line":33,"column":4},"end":{"line":60,"column":9}},"4":{"start":{"line":35,"column":8},"end":{"line":35,"column":19}},"5":{"start":{"line":37,"column":8},"end":{"line":49,"column":13}},"6":{"start":{"line":38,"column":12},"end":{"line":48,"column":13}},"7":{"start":{"line":39,"column":16},"end":{"line":42,"column":30}},"8":{"start":{"line":44,"column":16},"end":{"line":47,"column":27}},"9":{"start":{"line":51,"column":8},"end":{"line":53,"column":21}},"10":{"start":{"line":55,"column":8},"end":{"line":57,"column":45}},"11":{"start":{"line":59,"column":8},"end":{"line":59,"column":35}},"12":{"start":{"line":61,"column":4},"end":{"line":325,"column":5}},"13":{"start":{"line":69,"column":8},"end":{"line":121,"column":10},"skip":true},"14":{"start":{"line":70,"column":12},"end":{"line":88,"column":13},"skip":true},"15":{"start":{"line":76,"column":16},"end":{"line":87,"column":19},"skip":true},"16":{"start":{"line":79,"column":20},"end":{"line":86,"column":21},"skip":true},"17":{"start":{"line":82,"column":24},"end":{"line":82,"column":43},"skip":true},"18":{"start":{"line":83,"column":24},"end":{"line":83,"column":30},"skip":true},"19":{"start":{"line":85,"column":24},"end":{"line":85,"column":49},"skip":true},"20":{"start":{"line":89,"column":12},"end":{"line":107,"column":13},"skip":true},"21":{"start":{"line":92,"column":16},"end":{"line":102,"column":17},"skip":true},"22":{"start":{"line":93,"column":20},"end":{"line":93,"column":86},"skip":true},"23":{"start":{"line":94,"column":20},"end":{"line":95,"column":45},"skip":true},"24":{"start":{"line":96,"column":20},"end":{"line":96,"column":42},"skip":true},"25":{"start":{"line":97,"column":20},"end":{"line":97,"column":48},"skip":true},"26":{"start":{"line":100,"column":20},"end":{"line":100,"column":85},"skip":true},"27":{"start":{"line":101,"column":20},"end":{"line":101,"column":96},"skip":true},"28":{"start":{"line":103,"column":16},"end":{"line":103,"column":22},"skip":true},"29":{"start":{"line":106,"column":16},"end":{"line":106,"column":22},"skip":true},"30":{"start":{"line":108,"column":12},"end":{"line":120,"column":13},"skip":true},"31":{"start":{"line":114,"column":16},"end":{"line":119,"column":17},"skip":true},"32":{"start":{"line":116,"column":20},"end":{"line":116,"column":78},"skip":true},"33":{"start":{"line":118,"column":20},"end":{"line":118,"column":47},"skip":true},"34":{"start":{"line":123,"column":8},"end":{"line":141,"column":11},"skip":true},"35":{"start":{"line":124,"column":12},"end":{"line":124,"column":54},"skip":true},"36":{"start":{"line":125,"column":12},"end":{"line":140,"column":14},"skip":true},"37":{"start":{"line":126,"column":16},"end":{"line":126,"column":28},"skip":true},"38":{"start":{"line":127,"column":16},"end":{"line":127,"column":69},"skip":true},"39":{"start":{"line":128,"column":16},"end":{"line":128,"column":75},"skip":true},"40":{"start":{"line":129,"column":16},"end":{"line":131,"column":17},"skip":true},"41":{"start":{"line":130,"column":20},"end":{"line":130,"column":27},"skip":true},"42":{"start":{"line":133,"column":16},"end":{"line":137,"column":36},"skip":true},"43":{"start":{"line":134,"column":20},"end":{"line":136,"column":55},"skip":true},"44":{"start":{"line":139,"column":16},"end":{"line":139,"column":57},"skip":true},"45":{"start":{"line":143,"column":8},"end":{"line":147,"column":11},"skip":true},"46":{"start":{"line":144,"column":12},"end":{"line":146,"column":15},"skip":true},"47":{"start":{"line":145,"column":16},"end":{"line":145,"column":70},"skip":true},"48":{"start":{"line":149,"column":8},"end":{"line":149,"column":31},"skip":true},"49":{"start":{"line":150,"column":8},"end":{"line":150,"column":14},"skip":true},"50":{"start":{"line":158,"column":8},"end":{"line":158,"column":31},"skip":true},"51":{"start":{"line":160,"column":8},"end":{"line":160,"column":33},"skip":true},"52":{"start":{"line":161,"column":8},"end":{"line":161,"column":37},"skip":true},"53":{"start":{"line":162,"column":8},"end":{"line":162,"column":35},"skip":true},"54":{"start":{"line":164,"column":8},"end":{"line":164,"column":50},"skip":true},"55":{"start":{"line":166,"column":8},"end":{"line":256,"column":2},"skip":true},"56":{"start":{"line":258,"column":8},"end":{"line":286,"column":9},"skip":true},"57":{"start":{"line":259,"column":12},"end":{"line":269,"column":14},"skip":true},"58":{"start":{"line":271,"column":12},"end":{"line":285,"column":19},"skip":true},"59":{"start":{"line":274,"column":20},"end":{"line":274,"column":35},"skip":true},"60":{"start":{"line":275,"column":20},"end":{"line":284,"column":21},"skip":true},"61":{"start":{"line":277,"column":24},"end":{"line":277,"column":64},"skip":true},"62":{"start":{"line":279,"column":24},"end":{"line":279,"column":40},"skip":true},"63":{"start":{"line":281,"column":24},"end":{"line":281,"column":40},"skip":true},"64":{"start":{"line":283,"column":24},"end":{"line":283,"column":39},"skip":true},"65":{"start":{"line":288,"column":8},"end":{"line":290,"column":9},"skip":true},"66":{"start":{"line":289,"column":12},"end":{"line":289,"column":18},"skip":true},"67":{"start":{"line":291,"column":8},"end":{"line":293,"column":54},"skip":true},"68":{"start":{"line":296,"column":8},"end":{"line":301,"column":37},"skip":true},"69":{"start":{"line":303,"column":8},"end":{"line":303,"column":82},"skip":true},"70":{"start":{"line":306,"column":8},"end":{"line":308,"column":9},"skip":true},"71":{"start":{"line":307,"column":12},"end":{"line":307,"column":82},"skip":true},"72":{"start":{"line":310,"column":8},"end":{"line":312,"column":9},"skip":true},"73":{"start":{"line":311,"column":12},"end":{"line":311,"column":18},"skip":true},"74":{"start":{"line":313,"column":8},"end":{"line":313,"column":54},"skip":true},"75":{"start":{"line":314,"column":8},"end":{"line":314,"column":69},"skip":true},"76":{"start":{"line":315,"column":8},"end":{"line":323,"column":36},"skip":true},"77":{"start":{"line":316,"column":12},"end":{"line":316,"column":61},"skip":true},"78":{"start":{"line":317,"column":12},"end":{"line":320,"column":13},"skip":true},"79":{"start":{"line":318,"column":16},"end":{"line":318,"column":75},"skip":true},"80":{"start":{"line":319,"column":16},"end":{"line":319,"column":23},"skip":true},"81":{"start":{"line":321,"column":12},"end":{"line":321,"column":38},"skip":true},"82":{"start":{"line":322,"column":12},"end":{"line":322,"column":27},"skip":true},"83":{"start":{"line":324,"column":8},"end":{"line":324,"column":14},"skip":true}},"branchMap":{"1":{"line":39,"type":"binary-expr","locations":[{"start":{"line":39,"column":23},"end":{"line":39,"column":62}},{"start":{"line":40,"column":20},"end":{"line":40,"column":70}},{"start":{"line":41,"column":20},"end":{"line":41,"column":71}},{"start":{"line":42,"column":20},"end":{"line":42,"column":29}}]},"2":{"line":44,"type":"binary-expr","locations":[{"start":{"line":44,"column":23},"end":{"line":44,"column":37}},{"start":{"line":45,"column":20},"end":{"line":45,"column":61}},{"start":{"line":46,"column":20},"end":{"line":46,"column":70}},{"start":{"line":47,"column":20},"end":{"line":47,"column":26}}]},"3":{"line":51,"type":"cond-expr","locations":[{"start":{"line":52,"column":14},"end":{"line":52,"column":20}},{"start":{"line":53,"column":14},"end":{"line":53,"column":20}}]},"4":{"line":55,"type":"binary-expr","locations":[{"start":{"line":55,"column":16},"end":{"line":55,"column":44}},{"start":{"line":55,"column":49},"end":{"line":57,"column":43}}]},"5":{"line":55,"type":"cond-expr","locations":[{"start":{"line":56,"column":14},"end":{"line":56,"column":52}},{"start":{"line":57,"column":14},"end":{"line":57,"column":43}}]},"6":{"line":61,"type":"switch","locations":[{"start":{"line":68,"column":4},"end":{"line":150,"column":14},"skip":true},{"start":{"line":156,"column":4},"end":{"line":324,"column":14},"skip":true}]},"7":{"line":70,"type":"if","locations":[{"start":{"line":70,"column":12},"end":{"line":70,"column":12},"skip":true},{"start":{"line":70,"column":12},"end":{"line":70,"column":12},"skip":true}]},"8":{"line":70,"type":"binary-expr","locations":[{"start":{"line":70,"column":16},"end":{"line":70,"column":22},"skip":true},{"start":{"line":70,"column":27},"end":{"line":70,"column":32},"skip":true},{"start":{"line":71,"column":20},"end":{"line":71,"column":39},"skip":true},{"start":{"line":72,"column":20},"end":{"line":72,"column":49},"skip":true},{"start":{"line":73,"column":20},"end":{"line":73,"column":58},"skip":true},{"start":{"line":74,"column":20},"end":{"line":74,"column":69},"skip":true}]},"9":{"line":79,"type":"switch","locations":[{"start":{"line":80,"column":20},"end":{"line":80,"column":33},"skip":true},{"start":{"line":81,"column":20},"end":{"line":83,"column":30},"skip":true},{"start":{"line":84,"column":20},"end":{"line":85,"column":49},"skip":true}]},"10":{"line":89,"type":"switch","locations":[{"start":{"line":90,"column":12},"end":{"line":103,"column":22},"skip":true},{"start":{"line":105,"column":12},"end":{"line":106,"column":22},"skip":true}]},"11":{"line":89,"type":"binary-expr","locations":[{"start":{"line":89,"column":20},"end":{"line":89,"column":25},"skip":true},{"start":{"line":89,"column":29},"end":{"line":89,"column":48},"skip":true},{"start":{"line":89,"column":52},"end":{"line":89,"column":74},"skip":true}]},"12":{"line":92,"type":"if","locations":[{"start":{"line":92,"column":16},"end":{"line":92,"column":16},"skip":true},{"start":{"line":92,"column":16},"end":{"line":92,"column":16},"skip":true}]},"13":{"line":108,"type":"if","locations":[{"start":{"line":108,"column":12},"end":{"line":108,"column":12},"skip":true},{"start":{"line":108,"column":12},"end":{"line":108,"column":12},"skip":true}]},"14":{"line":108,"type":"binary-expr","locations":[{"start":{"line":108,"column":16},"end":{"line":108,"column":61},"skip":true},{"start":{"line":108,"column":66},"end":{"line":108,"column":72},"skip":true},{"start":{"line":108,"column":77},"end":{"line":108,"column":82},"skip":true},{"start":{"line":109,"column":20},"end":{"line":109,"column":39},"skip":true},{"start":{"line":110,"column":20},"end":{"line":110,"column":49},"skip":true},{"start":{"line":111,"column":20},"end":{"line":111,"column":58},"skip":true},{"start":{"line":112,"column":20},"end":{"line":112,"column":68},"skip":true}]},"15":{"line":129,"type":"if","locations":[{"start":{"line":129,"column":16},"end":{"line":129,"column":16},"skip":true},{"start":{"line":129,"column":16},"end":{"line":129,"column":16},"skip":true}]},"16":{"line":134,"type":"cond-expr","locations":[{"start":{"line":135,"column":26},"end":{"line":135,"column":29},"skip":true},{"start":{"line":136,"column":26},"end":{"line":136,"column":54},"skip":true}]},"17":{"line":164,"type":"binary-expr","locations":[{"start":{"line":164,"column":27},"end":{"line":164,"column":43},"skip":true},{"start":{"line":164,"column":47},"end":{"line":164,"column":49},"skip":true}]},"18":{"line":258,"type":"if","locations":[{"start":{"line":258,"column":8},"end":{"line":258,"column":8},"skip":true},{"start":{"line":258,"column":8},"end":{"line":258,"column":8},"skip":true}]},"19":{"line":275,"type":"switch","locations":[{"start":{"line":276,"column":20},"end":{"line":277,"column":64},"skip":true},{"start":{"line":278,"column":20},"end":{"line":279,"column":40},"skip":true},{"start":{"line":280,"column":20},"end":{"line":281,"column":40},"skip":true},{"start":{"line":282,"column":20},"end":{"line":283,"column":39},"skip":true}]},"20":{"line":288,"type":"if","locations":[{"start":{"line":288,"column":8},"end":{"line":288,"column":8},"skip":true},{"start":{"line":288,"column":8},"end":{"line":288,"column":8},"skip":true}]},"21":{"line":288,"type":"binary-expr","locations":[{"start":{"line":288,"column":12},"end":{"line":288,"column":40},"skip":true},{"start":{"line":288,"column":44},"end":{"line":288,"column":67},"skip":true}]},"22":{"line":292,"type":"binary-expr","locations":[{"start":{"line":292,"column":12},"end":{"line":292,"column":50},"skip":true},{"start":{"line":293,"column":12},"end":{"line":293,"column":53},"skip":true}]},"23":{"line":297,"type":"binary-expr","locations":[{"start":{"line":297,"column":12},"end":{"line":297,"column":66},"skip":true},{"start":{"line":298,"column":12},"end":{"line":301,"column":36},"skip":true}]},"24":{"line":303,"type":"binary-expr","locations":[{"start":{"line":303,"column":43},"end":{"line":303,"column":75},"skip":true},{"start":{"line":303,"column":79},"end":{"line":303,"column":81},"skip":true}]},"25":{"line":306,"type":"if","locations":[{"start":{"line":306,"column":8},"end":{"line":306,"column":8},"skip":true},{"start":{"line":306,"column":8},"end":{"line":306,"column":8},"skip":true}]},"26":{"line":310,"type":"if","locations":[{"start":{"line":310,"column":8},"end":{"line":310,"column":8},"skip":true},{"start":{"line":310,"column":8},"end":{"line":310,"column":8},"skip":true}]},"27":{"line":313,"type":"binary-expr","locations":[{"start":{"line":313,"column":27},"end":{"line":313,"column":43},"skip":true},{"start":{"line":313,"column":47},"end":{"line":313,"column":53},"skip":true}]},"28":{"line":317,"type":"if","locations":[{"start":{"line":317,"column":12},"end":{"line":317,"column":12},"skip":true},{"start":{"line":317,"column":12},"end":{"line":317,"column":12},"skip":true}]}},"code":["/*","example.js","","quickstart example","","instruction","    1. save this script as example.js","    2. run the shell command:","        $ npm install npmtest-hypernal && PORT=8081 node example.js","    3. play with the browser-demo on http://127.0.0.1:8081","*/","","","","/* istanbul instrument in package npmtest_hypernal */","/*jslint","    bitwise: true,","    browser: true,","    maxerr: 8,","    maxlen: 96,","    node: true,","    nomen: true,","    regexp: true,","    stupid: true","*/","(function () {","    'use strict';","    var local;","","","","    // run shared js-env code - pre-init","    (function () {","        // init local","        local = {};","        // init modeJs","        local.modeJs = (function () {","            try {","                return typeof navigator.userAgent === 'string' &&","                    typeof document.querySelector('body') === 'object' &&","                    typeof XMLHttpRequest.prototype.open === 'function' &&","                    'browser';","            } catch (errorCaughtBrowser) {","                return module.exports &&","                    typeof process.versions.node === 'string' &&","                    typeof require('http').createServer === 'function' &&","                    'node';","            }","        }());","        // init global","        local.global = local.modeJs === 'browser'","            ? window","            : global;","        // init utility2_rollup","        local = local.global.utility2_rollup || (local.modeJs === 'browser'","            ? local.global.utility2_npmtest_hypernal","            : global.utility2_moduleExports);","        // export local","        local.global.local = local;","    }());","    switch (local.modeJs) {","","","","    // post-init","    // run browser js-env code - post-init","    /* istanbul ignore next */","    case 'browser':","        local.testRunBrowser = function (event) {","            if (!event || (event &&","                    event.currentTarget &&","                    event.currentTarget.className &&","                    event.currentTarget.className.includes &&","                    event.currentTarget.className.includes('onreset'))) {","                // reset output","                Array.from(","                    document.querySelectorAll('body > .resettable')","                ).forEach(function (element) {","                    switch (element.tagName) {","                    case 'INPUT':","                    case 'TEXTAREA':","                        element.value = '';","                        break;","                    default:","                        element.textContent = '';","                    }","                });","            }","            switch (event && event.currentTarget && event.currentTarget.id) {","            case 'testRunButton1':","                // show tests","                if (document.querySelector('#testReportDiv1').style.display === 'none') {","                    document.querySelector('#testReportDiv1').style.display = 'block';","                    document.querySelector('#testRunButton1').textContent =","                        'hide internal test';","                    local.modeTest = true;","                    local.testRunDefault(local);","                // hide tests","                } else {","                    document.querySelector('#testReportDiv1').style.display = 'none';","                    document.querySelector('#testRunButton1').textContent = 'run internal test';","                }","                break;","            // custom-case","            default:","                break;","            }","            if (document.querySelector('#inputTextareaEval1') && (!event || (event &&","                    event.currentTarget &&","                    event.currentTarget.className &&","                    event.currentTarget.className.includes &&","                    event.currentTarget.className.includes('oneval')))) {","                // try to eval input-code","                try {","                    /*jslint evil: true*/","                    eval(document.querySelector('#inputTextareaEval1').value);","                } catch (errorCaught) {","                    console.error(errorCaught);","                }","            }","        };","        // log stderr and stdout to #outputTextareaStdout1","        ['error', 'log'].forEach(function (key) {","            console[key + '_original'] = console[key];","            console[key] = function () {","                var element;","                console[key + '_original'].apply(console, arguments);","                element = document.querySelector('#outputTextareaStdout1');","                if (!element) {","                    return;","                }","                // append text to #outputTextareaStdout1","                element.value += Array.from(arguments).map(function (arg) {","                    return typeof arg === 'string'","                        ? arg","                        : JSON.stringify(arg, null, 4);","                }).join(' ') + '\\n';","                // scroll textarea to bottom","                element.scrollTop = element.scrollHeight;","            };","        });","        // init event-handling","        ['change', 'click', 'keyup'].forEach(function (event) {","            Array.from(document.querySelectorAll('.on' + event)).forEach(function (element) {","                element.addEventListener(event, local.testRunBrowser);","            });","        });","        // run tests","        local.testRunBrowser();","        break;","","","","    // run node js-env code - post-init","    /* istanbul ignore next */","    case 'node':","        // export local","        module.exports = local;","        // require modules","        local.fs = require('fs');","        local.http = require('http');","        local.url = require('url');","        // init assets","        local.assetsDict = local.assetsDict || {};","        /* jslint-ignore-begin */","        local.assetsDict['/assets.index.template.html'] = '\\","<!doctype html>\\n\\","<html lang=\"en\">\\n\\","<head>\\n\\","<meta charset=\"UTF-8\">\\n\\","<meta name=\"viewport\" content=\"width=device-width, initial-scale=1\">\\n\\","<title>{{env.npm_package_name}} (v{{env.npm_package_version}})</title>\\n\\","<style>\\n\\","/*csslint\\n\\","    box-sizing: false,\\n\\","    universal-selector: false\\n\\","*/\\n\\","* {\\n\\","    box-sizing: border-box;\\n\\","}\\n\\","body {\\n\\","    background: #dde;\\n\\","    font-family: Arial, Helvetica, sans-serif;\\n\\","    margin: 2rem;\\n\\","}\\n\\","body > * {\\n\\","    margin-bottom: 1rem;\\n\\","}\\n\\",".utility2FooterDiv {\\n\\","    margin-top: 20px;\\n\\","    text-align: center;\\n\\","}\\n\\","</style>\\n\\","<style>\\n\\","/*csslint\\n\\","*/\\n\\","textarea {\\n\\","    font-family: monospace;\\n\\","    height: 10rem;\\n\\","    width: 100%;\\n\\","}\\n\\","textarea[readonly] {\\n\\","    background: #ddd;\\n\\","}\\n\\","</style>\\n\\","</head>\\n\\","<body>\\n\\","<!-- utility2-comment\\n\\","<div id=\"ajaxProgressDiv1\" style=\"background: #d00; height: 2px; left: 0; margin: 0; padding: 0; position: fixed; top: 0; transition: background 0.5s, width 1.5s; width: 25%;\"></div>\\n\\","utility2-comment -->\\n\\","<h1>\\n\\","<!-- utility2-comment\\n\\","    <a\\n\\","        {{#if env.npm_package_homepage}}\\n\\","        href=\"{{env.npm_package_homepage}}\"\\n\\","        {{/if env.npm_package_homepage}}\\n\\","        target=\"_blank\"\\n\\","    >\\n\\","utility2-comment -->\\n\\","        {{env.npm_package_name}} (v{{env.npm_package_version}})\\n\\","<!-- utility2-comment\\n\\","    </a>\\n\\","utility2-comment -->\\n\\","</h1>\\n\\","<h3>{{env.npm_package_description}}</h3>\\n\\","<!-- utility2-comment\\n\\","<h4><a download href=\"assets.app.js\">download standalone app</a></h4>\\n\\","<button class=\"onclick onreset\" id=\"testRunButton1\">run internal test</button><br>\\n\\","<div id=\"testReportDiv1\" style=\"display: none;\"></div>\\n\\","utility2-comment -->\\n\\","\\n\\","\\n\\","\\n\\","<label>stderr and stdout</label>\\n\\","<textarea class=\"resettable\" id=\"outputTextareaStdout1\" readonly></textarea>\\n\\","<!-- utility2-comment\\n\\","{{#if isRollup}}\\n\\","<script src=\"assets.app.js\"></script>\\n\\","{{#unless isRollup}}\\n\\","utility2-comment -->\\n\\","<script src=\"assets.utility2.rollup.js\"></script>\\n\\","<script src=\"jsonp.utility2._stateInit?callback=window.utility2._stateInit\"></script>\\n\\","<script src=\"assets.npmtest_hypernal.rollup.js\"></script>\\n\\","<script src=\"assets.example.js\"></script>\\n\\","<script src=\"assets.test.js\"></script>\\n\\","<!-- utility2-comment\\n\\","{{/if isRollup}}\\n\\","utility2-comment -->\\n\\","<div class=\"utility2FooterDiv\">\\n\\","    [ this app was created with\\n\\","    <a href=\"https://github.com/kaizhu256/node-utility2\" target=\"_blank\">utility2</a>\\n\\","    ]\\n\\","</div>\\n\\","</body>\\n\\","</html>\\n\\","';","        /* jslint-ignore-end */","        if (local.templateRender) {","            local.assetsDict['/'] = local.templateRender(","                local.assetsDict['/assets.index.template.html'],","                {","                    env: local.objectSetDefault(local.env, {","                        npm_package_description: 'the greatest app in the world!',","                        npm_package_name: 'my-app',","                        npm_package_nameAlias: 'my_app',","                        npm_package_version: '0.0.1'","                    })","                }","            );","        } else {","            local.assetsDict['/'] = local.assetsDict['/assets.index.template.html']","                .replace((/\\{\\{env\\.(\\w+?)\\}\\}/g), function (match0, match1) {","                    // jslint-hack","                    String(match0);","                    switch (match1) {","                    case 'npm_package_description':","                        return 'the greatest app in the world!';","                    case 'npm_package_name':","                        return 'my-app';","                    case 'npm_package_nameAlias':","                        return 'my_app';","                    case 'npm_package_version':","                        return '0.0.1';","                    }","                });","        }","        // run the cli","        if (local.global.utility2_rollup || module !== require.main) {","            break;","        }","        local.assetsDict['/assets.example.js'] =","            local.assetsDict['/assets.example.js'] ||","            local.fs.readFileSync(__filename, 'utf8');","        // bug-workaround - long $npm_package_buildCustomOrg","        /* jslint-ignore-begin */","        local.assetsDict['/assets.npmtest_hypernal.rollup.js'] =","            local.assetsDict['/assets.npmtest_hypernal.rollup.js'] ||","            local.fs.readFileSync(","                local.npmtest_hypernal.__dirname + '/lib.npmtest_hypernal.js',","                'utf8'","            ).replace((/^#!/), '//');","        /* jslint-ignore-end */","        local.assetsDict['/favicon.ico'] = local.assetsDict['/favicon.ico'] || '';","        // if $npm_config_timeout_exit exists,","        // then exit this process after $npm_config_timeout_exit ms","        if (Number(process.env.npm_config_timeout_exit)) {","            setTimeout(process.exit, Number(process.env.npm_config_timeout_exit));","        }","        // start server","        if (local.global.utility2_serverHttp1) {","            break;","        }","        process.env.PORT = process.env.PORT || '8081';","        console.error('server starting on port ' + process.env.PORT);","        local.http.createServer(function (request, response) {","            request.urlParsed = local.url.parse(request.url);","            if (local.assetsDict[request.urlParsed.pathname] !== undefined) {","                response.end(local.assetsDict[request.urlParsed.pathname]);","                return;","            }","            response.statusCode = 404;","            response.end();","        }).listen(process.env.PORT);","        break;","    }","}());",""],"l":{"26":2,"28":2,"33":2,"35":2,"37":2,"38":2,"39":2,"44":1,"51":2,"55":2,"59":2,"61":2,"69":1,"70":2,"76":2,"79":2,"82":2,"83":2,"85":1,"89":2,"92":1,"93":1,"94":1,"96":1,"97":1,"100":1,"101":1,"103":1,"106":1,"108":2,"114":1,"116":1,"118":1,"123":1,"124":2,"125":2,"126":3,"127":3,"128":3,"129":3,"130":1,"133":3,"134":3,"139":3,"143":1,"144":3,"145":1,"149":1,"150":1,"158":1,"160":1,"161":1,"162":1,"164":1,"166":1,"258":1,"259":1,"271":1,"274":6,"275":6,"277":1,"279":2,"281":1,"283":2,"288":1,"289":1,"291":1,"296":1,"303":1,"306":1,"307":1,"310":1,"311":1,"313":1,"314":1,"315":1,"316":1,"317":1,"318":1,"319":1,"321":1,"322":1,"324":1}},"/home/travis/build/npmtest/node-npmtest-hypernal/node_modules/hypernal/index.js":{"path":"/home/travis/build/npmtest/node-npmtest-hypernal/node_modules/hypernal/index.js","s":{"1":1,"2":1,"3":0,"4":0,"5":1,"6":0,"7":0,"8":0,"9":1,"10":0,"11":0,"12":0,"13":0,"14":0,"15":0,"16":0,"17":0,"18":0,"19":0,"20":0,"21":0,"22":0,"23":0,"24":0,"25":0,"26":0,"27":0,"28":0,"29":0,"30":0,"31":0},"b":{"1":[0,0],"2":[0,0],"3":[0,0],"4":[0,0],"5":[0,0]},"f":{"1":0,"2":0,"3":0,"4":0,"5":0,"6":0},"fnMap":{"1":{"name":"style","line":7,"loc":{"start":{"line":7,"column":0},"end":{"line":7,"column":27}}},"2":{"name":"scroll","line":20,"loc":{"start":{"line":20,"column":0},"end":{"line":20,"column":22}}},"3":{"name":"(anonymous_3)","line":25,"loc":{"start":{"line":25,"column":17},"end":{"line":25,"column":33}}},"4":{"name":"(anonymous_4)","line":30,"loc":{"start":{"line":30,"column":22},"end":{"line":30,"column":40}}},"5":{"name":"(anonymous_5)","line":39,"loc":{"start":{"line":39,"column":21},"end":{"line":39,"column":37}}},"6":{"name":"(anonymous_6)","line":44,"loc":{"start":{"line":44,"column":19},"end":{"line":44,"column":35}}}},"statementMap":{"1":{"start":{"line":3,"column":0},"end":{"line":5,"column":3}},"2":{"start":{"line":7,"column":0},"end":{"line":18,"column":1}},"3":{"start":{"line":8,"column":2},"end":{"line":8,"column":60}},"4":{"start":{"line":17,"column":2},"end":{"line":17,"column":95}},"5":{"start":{"line":20,"column":0},"end":{"line":23,"column":1}},"6":{"start":{"line":21,"column":2},"end":{"line":21,"column":20}},"7":{"start":{"line":21,"column":13},"end":{"line":21,"column":20}},"8":{"start":{"line":22,"column":2},"end":{"line":22,"column":37}},"9":{"start":{"line":25,"column":0},"end":{"line":57,"column":2}},"10":{"start":{"line":26,"column":2},"end":{"line":26,"column":32}},"11":{"start":{"line":27,"column":2},"end":{"line":27,"column":14}},"12":{"start":{"line":29,"column":2},"end":{"line":29,"column":48}},"13":{"start":{"line":30,"column":2},"end":{"line":37,"column":4}},"14":{"start":{"line":31,"column":4},"end":{"line":31,"column":76}},"15":{"start":{"line":31,"column":36},"end":{"line":31,"column":76}},"16":{"start":{"line":33,"column":4},"end":{"line":33,"column":37}},"17":{"start":{"line":34,"column":4},"end":{"line":34,"column":18}},"18":{"start":{"line":35,"column":4},"end":{"line":35,"column":32}},"19":{"start":{"line":36,"column":4},"end":{"line":36,"column":45}},"20":{"start":{"line":39,"column":2},"end":{"line":42,"column":4}},"21":{"start":{"line":40,"column":4},"end":{"line":40,"column":23}},"22":{"start":{"line":41,"column":4},"end":{"line":41,"column":50}},"23":{"start":{"line":41,"column":23},"end":{"line":41,"column":50}},"24":{"start":{"line":44,"column":2},"end":{"line":47,"column":4}},"25":{"start":{"line":45,"column":4},"end":{"line":45,"column":21}},"26":{"start":{"line":46,"column":4},"end":{"line":46,"column":50}},"27":{"start":{"line":46,"column":23},"end":{"line":46,"column":50}},"28":{"start":{"line":50,"column":2},"end":{"line":50,"column":44}},"29":{"start":{"line":51,"column":2},"end":{"line":51,"column":35}},"30":{"start":{"line":54,"column":2},"end":{"line":54,"column":23}},"31":{"start":{"line":56,"column":2},"end":{"line":56,"column":18}}},"branchMap":{"1":{"line":8,"type":"binary-expr","locations":[{"start":{"line":8,"column":21},"end":{"line":8,"column":53}},{"start":{"line":8,"column":57},"end":{"line":8,"column":59}}]},"2":{"line":21,"type":"if","locations":[{"start":{"line":21,"column":2},"end":{"line":21,"column":2}},{"start":{"line":21,"column":2},"end":{"line":21,"column":2}}]},"3":{"line":31,"type":"if","locations":[{"start":{"line":31,"column":4},"end":{"line":31,"column":4}},{"start":{"line":31,"column":4},"end":{"line":31,"column":4}}]},"4":{"line":41,"type":"if","locations":[{"start":{"line":41,"column":4},"end":{"line":41,"column":4}},{"start":{"line":41,"column":4},"end":{"line":41,"column":4}}]},"5":{"line":46,"type":"if","locations":[{"start":{"line":46,"column":4},"end":{"line":46,"column":4}},{"start":{"line":46,"column":4},"end":{"line":46,"column":4}}]}},"code":["'use strict';","","var Terminal = require('./term')","  , through = require('through')","  ;","","function style(parentElem) {","  var currentStyle = parentElem.getAttribute('style') || '';","  // TODO: make white-space work","  // white-space: pre has the following problem:","  // If applied before the terminal is visible, things break horribly ","  // to the point that the output is either shifted to the left or not visible at all.","  // (at least for hyperwatch, to repro: -- npm install hyperwatch; npm explore hyperwatch; npm run demo; ) ","  //  - most likely due to the fact that hyperwatch is positioned absolute","  //","  // However when this style is set after the parent element became visible, it works fine.","  parentElem.setAttribute('style', currentStyle + 'overflow-y: auto; /* white-space: pre; */');","}","","function scroll(elem) {","  if (!elem) return;","  elem.scrollTop = elem.scrollHeight;","}","","module.exports = function (opts) {","  var term = new Terminal(opts);","  term.open();","  ","  var hypernal = through(term.write.bind(term));","  hypernal.appendTo = function (parent) {","    if (typeof parent === 'string') parent = document.querySelector(parent);","","    parent.appendChild(term.element);","    style(parent);","    hypernal.container = parent;","    term.element.style.position = 'relative';","  };","","  hypernal.writeln = function (line) {","    term.writeln(line);","    if (hypernal.tail) scroll(hypernal.container);","  };","","  hypernal.write = function (data) {","    term.write(data);","    if (hypernal.tail) scroll(hypernal.container);","  };","","  // convenience shortcuts","  hypernal.reset   =  term.reset.bind(term);","  hypernal.element =  term.element;","","  // the underlying term for all other needs","  hypernal.term = term;","","  return hypernal;","};",""],"l":{"3":1,"7":1,"8":0,"17":0,"20":1,"21":0,"22":0,"25":1,"26":0,"27":0,"29":0,"30":0,"31":0,"33":0,"34":0,"35":0,"36":0,"39":0,"40":0,"41":0,"44":0,"45":0,"46":0,"50":0,"51":0,"54":0,"56":0}},"/home/travis/build/npmtest/node-npmtest-hypernal/node_modules/hypernal/term.js":{"path":"/home/travis/build/npmtest/node-npmtest-hypernal/node_modules/hypernal/term.js","s":{"1":1,"2":1,"3":1,"4":0,"5":0,"6":0,"7":0,"8":0,"9":0,"10":0,"11":0,"12":0,"13":0,"14":0,"15":0,"16":0,"17":0,"18":0,"19":0,"20":0,"21":0,"22":0,"23":0,"24":0,"25":0,"26":0,"27":0,"28":0,"29":0,"30":0,"31":0,"32":0,"33":0,"34":0,"35":0,"36":0,"37":0,"38":0,"39":0,"40":0,"41":0,"42":0,"43":0,"44":0,"45":0,"46":0,"47":0,"48":0,"49":0,"50":1,"51":1,"52":1,"53":1,"54":1,"55":1,"56":1,"57":1,"58":1,"59":1,"60":1,"61":1,"62":1,"63":1,"64":1,"65":1,"66":1,"67":1,"68":1,"69":1,"70":1,"71":1,"72":1,"73":1,"74":1},"b":{"1":[0,0],"2":[0,0],"3":[0,0],"4":[0,0]},"f":{"1":0},"fnMap":{"1":{"name":"Terminal","line":7,"loc":{"start":{"line":7,"column":0},"end":{"line":7,"column":24}}}},"statementMap":{"1":{"start":{"line":3,"column":0},"end":{"line":3,"column":37}},"2":{"start":{"line":5,"column":0},"end":{"line":5,"column":26}},"3":{"start":{"line":7,"column":0},"end":{"line":68,"column":1}},"4":{"start":{"line":8,"column":2},"end":{"line":8,"column":20}},"5":{"start":{"line":9,"column":2},"end":{"line":9,"column":61}},"6":{"start":{"line":9,"column":35},"end":{"line":9,"column":61}},"7":{"start":{"line":11,"column":2},"end":{"line":11,"column":31}},"8":{"start":{"line":12,"column":2},"end":{"line":12,"column":31}},"9":{"start":{"line":14,"column":2},"end":{"line":14,"column":17}},"10":{"start":{"line":15,"column":2},"end":{"line":15,"column":17}},"11":{"start":{"line":16,"column":2},"end":{"line":16,"column":13}},"12":{"start":{"line":17,"column":2},"end":{"line":17,"column":13}},"13":{"start":{"line":18,"column":2},"end":{"line":18,"column":23}},"14":{"start":{"line":19,"column":2},"end":{"line":19,"column":28}},"15":{"start":{"line":20,"column":2},"end":{"line":20,"column":26}},"16":{"start":{"line":21,"column":2},"end":{"line":21,"column":29}},"17":{"start":{"line":22,"column":2},"end":{"line":22,"column":18}},"18":{"start":{"line":23,"column":2},"end":{"line":23,"column":21}},"19":{"start":{"line":24,"column":2},"end":{"line":24,"column":36}},"20":{"start":{"line":27,"column":2},"end":{"line":27,"column":33}},"21":{"start":{"line":28,"column":2},"end":{"line":28,"column":26}},"22":{"start":{"line":29,"column":2},"end":{"line":29,"column":26}},"23":{"start":{"line":30,"column":2},"end":{"line":30,"column":30}},"24":{"start":{"line":31,"column":2},"end":{"line":31,"column":21}},"25":{"start":{"line":34,"column":2},"end":{"line":34,"column":22}},"26":{"start":{"line":35,"column":2},"end":{"line":35,"column":23}},"27":{"start":{"line":36,"column":2},"end":{"line":36,"column":18}},"28":{"start":{"line":37,"column":2},"end":{"line":37,"column":25}},"29":{"start":{"line":40,"column":2},"end":{"line":40,"column":15}},"30":{"start":{"line":41,"column":2},"end":{"line":41,"column":16}},"31":{"start":{"line":42,"column":2},"end":{"line":42,"column":20}},"32":{"start":{"line":43,"column":2},"end":{"line":43,"column":18}},"33":{"start":{"line":44,"column":2},"end":{"line":44,"column":14}},"34":{"start":{"line":45,"column":2},"end":{"line":45,"column":14}},"35":{"start":{"line":46,"column":2},"end":{"line":46,"column":17}},"36":{"start":{"line":49,"column":2},"end":{"line":49,"column":23}},"37":{"start":{"line":50,"column":2},"end":{"line":50,"column":23}},"38":{"start":{"line":52,"column":2},"end":{"line":52,"column":34}},"39":{"start":{"line":53,"column":2},"end":{"line":53,"column":30}},"40":{"start":{"line":55,"column":2},"end":{"line":55,"column":19}},"41":{"start":{"line":56,"column":2},"end":{"line":56,"column":24}},"42":{"start":{"line":57,"column":2},"end":{"line":57,"column":19}},"43":{"start":{"line":58,"column":2},"end":{"line":58,"column":20}},"44":{"start":{"line":60,"column":2},"end":{"line":60,"column":18}},"45":{"start":{"line":61,"column":2},"end":{"line":61,"column":20}},"46":{"start":{"line":62,"column":2},"end":{"line":64,"column":3}},"47":{"start":{"line":63,"column":6},"end":{"line":63,"column":40}},"48":{"start":{"line":66,"column":2},"end":{"line":66,"column":12}},"49":{"start":{"line":67,"column":2},"end":{"line":67,"column":20}},"50":{"start":{"line":70,"column":0},"end":{"line":70,"column":34}},"51":{"start":{"line":71,"column":0},"end":{"line":71,"column":35}},"52":{"start":{"line":73,"column":0},"end":{"line":73,"column":32}},"53":{"start":{"line":74,"column":0},"end":{"line":74,"column":35}},"54":{"start":{"line":75,"column":0},"end":{"line":75,"column":35}},"55":{"start":{"line":77,"column":0},"end":{"line":77,"column":33}},"56":{"start":{"line":79,"column":0},"end":{"line":79,"column":27}},"57":{"start":{"line":80,"column":0},"end":{"line":80,"column":29}},"58":{"start":{"line":82,"column":0},"end":{"line":82,"column":33}},"59":{"start":{"line":84,"column":0},"end":{"line":84,"column":33}},"60":{"start":{"line":86,"column":0},"end":{"line":86,"column":33}},"61":{"start":{"line":87,"column":0},"end":{"line":87,"column":37}},"62":{"start":{"line":88,"column":0},"end":{"line":88,"column":33}},"63":{"start":{"line":89,"column":0},"end":{"line":89,"column":32}},"64":{"start":{"line":91,"column":0},"end":{"line":91,"column":40}},"65":{"start":{"line":92,"column":0},"end":{"line":92,"column":40}},"66":{"start":{"line":93,"column":0},"end":{"line":93,"column":41}},"67":{"start":{"line":95,"column":0},"end":{"line":95,"column":46}},"68":{"start":{"line":96,"column":0},"end":{"line":96,"column":45}},"69":{"start":{"line":97,"column":0},"end":{"line":97,"column":40}},"70":{"start":{"line":98,"column":0},"end":{"line":98,"column":38}},"71":{"start":{"line":99,"column":0},"end":{"line":99,"column":56}},"72":{"start":{"line":100,"column":0},"end":{"line":100,"column":40}},"73":{"start":{"line":101,"column":0},"end":{"line":101,"column":41}},"74":{"start":{"line":103,"column":0},"end":{"line":103,"column":39}}},"branchMap":{"1":{"line":8,"type":"binary-expr","locations":[{"start":{"line":8,"column":9},"end":{"line":8,"column":13}},{"start":{"line":8,"column":17},"end":{"line":8,"column":19}}]},"2":{"line":9,"type":"if","locations":[{"start":{"line":9,"column":2},"end":{"line":9,"column":2}},{"start":{"line":9,"column":2},"end":{"line":9,"column":2}}]},"3":{"line":11,"type":"binary-expr","locations":[{"start":{"line":11,"column":14},"end":{"line":11,"column":23}},{"start":{"line":11,"column":27},"end":{"line":11,"column":30}}]},"4":{"line":12,"type":"binary-expr","locations":[{"start":{"line":12,"column":14},"end":{"line":12,"column":23}},{"start":{"line":12,"column":27},"end":{"line":12,"column":30}}]}},"code":["'use strict';","","var states = require('./lib/states');","","module.exports = Terminal;","","function Terminal(opts) {","  opts = opts || {};","  if (!(this instanceof Terminal)) return new Terminal(opts);","","  this.cols = opts.cols || 500;","  this.rows = opts.rows || 100;","","  this.ybase = 0;","  this.ydisp = 0;","  this.x = 0;","  this.y = 0;","  this.cursorState = 0;","  this.cursorHidden = false;","  this.convertEol = false;","  this.state = states.normal;","  this.queue = '';","  this.scrollTop = 0;","  this.scrollBottom = this.rows - 1;","","  // modes","  this.applicationKeypad = false;","  this.originMode = false;","  this.insertMode = false;","  this.wraparoundMode = false;","  this.normal = null;","","  // charset","  this.charset = null;","  this.gcharset = null;","  this.glevel = 0;","  this.charsets = [null];","","  // misc","  this.element;","  this.children;","  this.refreshStart;","  this.refreshEnd;","  this.savedX;","  this.savedY;","  this.savedCols;","","  // stream","  this.readable = true;","  this.writable = true;","","  this.defAttr = (257 << 9) | 256;","  this.curAttr = this.defAttr;","","  this.params = [];","  this.currentParam = 0;","  this.prefix = '';","  this.postfix = '';","","  this.lines = [];","  var i = this.rows;","  while (i--) {","      this.lines.push(this.blankLine());","  }","","  this.tabs;","  this.setupStops();","}","","require('./lib/colors')(Terminal);","require('./lib/options')(Terminal);","","require('./lib/open')(Terminal);","require('./lib/destroy')(Terminal);","require('./lib/refresh')(Terminal);","","require('./lib/write')(Terminal);","","require('./lib/setgLevel');","require('./lib/setgCharset');","","require('./lib/debug')(Terminal);","","require('./lib/stops')(Terminal);","","require('./lib/erase')(Terminal);","require('./lib/blankLine')(Terminal);","require('./lib/range')(Terminal);","require('./lib/util')(Terminal);","","require('./lib/esc/index.js')(Terminal);","require('./lib/esc/reset.js')(Terminal);","require('./lib/esc/tabSet.js')(Terminal);","","require('./lib/csi/charAttributes')(Terminal);","require('./lib/csi/insert-delete')(Terminal);","require('./lib/csi/position')(Terminal);","require('./lib/csi/cursor')(Terminal);","require('./lib/csi/repeatPrecedingCharacter')(Terminal);","require('./lib/csi/tabClear')(Terminal);","require('./lib/csi/softReset')(Terminal);","","require('./lib/charsets.js')(Terminal);",""],"l":{"3":1,"5":1,"7":1,"8":0,"9":0,"11":0,"12":0,"14":0,"15":0,"16":0,"17":0,"18":0,"19":0,"20":0,"21":0,"22":0,"23":0,"24":0,"27":0,"28":0,"29":0,"30":0,"31":0,"34":0,"35":0,"36":0,"37":0,"40":0,"41":0,"42":0,"43":0,"44":0,"45":0,"46":0,"49":0,"50":0,"52":0,"53":0,"55":0,"56":0,"57":0,"58":0,"60":0,"61":0,"62":0,"63":0,"66":0,"67":0,"70":1,"71":1,"73":1,"74":1,"75":1,"77":1,"79":1,"80":1,"82":1,"84":1,"86":1,"87":1,"88":1,"89":1,"91":1,"92":1,"93":1,"95":1,"96":1,"97":1,"98":1,"99":1,"100":1,"101":1,"103":1}},"/home/travis/build/npmtest/node-npmtest-hypernal/node_modules/hypernal/lib/states.js":{"path":"/home/travis/build/npmtest/node-npmtest-hypernal/node_modules/hypernal/lib/states.js","s":{"1":1},"b":{},"f":{},"fnMap":{},"statementMap":{"1":{"start":{"line":3,"column":0},"end":{"line":11,"column":2}}},"branchMap":{},"code":["'use strict';","","module.exports = {","    normal  :  0","  , escaped :  1","  , csi     :  2","  , osc     :  3","  , charset :  4","  , dcs     :  5","  , ignore  :  6","};",""],"l":{"3":1}},"/home/travis/build/npmtest/node-npmtest-hypernal/node_modules/hypernal/lib/colors.js":{"path":"/home/travis/build/npmtest/node-npmtest-hypernal/node_modules/hypernal/lib/colors.js","s":{"1":1,"2":1,"3":1,"4":1,"5":1,"6":1,"7":216,"8":1,"9":1,"10":24,"11":24,"12":1,"13":240,"14":1,"15":720,"16":720,"17":1,"18":1,"19":1,"20":1},"b":{"1":[111,609]},"f":{"1":1,"2":1,"3":240,"4":720},"fnMap":{"1":{"name":"(anonymous_1)","line":3,"loc":{"start":{"line":3,"column":17},"end":{"line":3,"column":37}}},"2":{"name":"(anonymous_2)","line":14,"loc":{"start":{"line":14,"column":21},"end":{"line":14,"column":32}}},"3":{"name":"out","line":32,"loc":{"start":{"line":32,"column":4},"end":{"line":32,"column":26}}},"4":{"name":"hex","line":36,"loc":{"start":{"line":36,"column":4},"end":{"line":36,"column":20}}}},"statementMap":{"1":{"start":{"line":3,"column":0},"end":{"line":52,"column":2}},"2":{"start":{"line":6,"column":2},"end":{"line":10,"column":90}},"3":{"start":{"line":14,"column":2},"end":{"line":42,"column":7}},"4":{"start":{"line":15,"column":4},"end":{"line":17,"column":8}},"5":{"start":{"line":20,"column":4},"end":{"line":20,"column":10}},"6":{"start":{"line":21,"column":4},"end":{"line":23,"column":5}},"7":{"start":{"line":22,"column":6},"end":{"line":22,"column":61}},"8":{"start":{"line":26,"column":4},"end":{"line":26,"column":10}},"9":{"start":{"line":27,"column":4},"end":{"line":30,"column":5}},"10":{"start":{"line":28,"column":6},"end":{"line":28,"column":21}},"11":{"start":{"line":29,"column":6},"end":{"line":29,"column":19}},"12":{"start":{"line":32,"column":4},"end":{"line":34,"column":5}},"13":{"start":{"line":33,"column":6},"end":{"line":33,"column":50}},"14":{"start":{"line":36,"column":4},"end":{"line":39,"column":5}},"15":{"start":{"line":37,"column":6},"end":{"line":37,"column":25}},"16":{"start":{"line":38,"column":6},"end":{"line":38,"column":40}},"17":{"start":{"line":41,"column":4},"end":{"line":41,"column":18}},"18":{"start":{"line":45,"column":2},"end":{"line":48,"column":4}},"19":{"start":{"line":50,"column":2},"end":{"line":50,"column":51}},"20":{"start":{"line":51,"column":2},"end":{"line":51,"column":51}}},"branchMap":{"1":{"line":38,"type":"cond-expr","locations":[{"start":{"line":38,"column":28},"end":{"line":38,"column":35}},{"start":{"line":38,"column":38},"end":{"line":38,"column":39}}]}},"code":["'use strict';","","module.exports = function (Terminal) {","","  // Colors 0-15","  Terminal.colors = [","  // dark:","  '#2e3436', '#cc0000', '#4e9a06', '#c4a000', '#3465a4', '#75507b', '#06989a', '#d3d7cf',","  // bright:","  '#555753', '#ef2929', '#8ae234', '#fce94f', '#729fcf', '#ad7fa8', '#34e2e2', '#eeeeec'];","","  // Colors 16-255","  // Much thanks to TooTallNate for writing this.","  Terminal.colors = (function() {","    var colors = Terminal.colors,","      r = [0x00, 0x5f, 0x87, 0xaf, 0xd7, 0xff],","      i;","","    // 16-231","    i = 0;","    for (; i < 216; i++) {","      out(r[(i / 36) % 6 | 0], r[(i / 6) % 6 | 0], r[i % 6]);","    }","","    // 232-255 (grey)","    i = 0;","    for (; i < 24; i++) {","      r = 8 + i * 10;","      out(r, r, r);","    }","","    function out(r, g, b) {","      colors.push('#' + hex(r) + hex(g) + hex(b));","    }","","    function hex(c) {","      c = c.toString(16);","      return c.length < 2 ? '0' + c : c;","    }","","    return colors;","  })();","","  // Default BG/FG","  Terminal.defaultColors = {","    bg: '#000000',","    fg: '#f0f0f0'","  };","","  Terminal.colors[256] = Terminal.defaultColors.bg;","  Terminal.colors[257] = Terminal.defaultColors.fg;","};",""],"l":{"3":1,"6":1,"14":1,"15":1,"20":1,"21":1,"22":216,"26":1,"27":1,"28":24,"29":24,"32":1,"33":240,"36":1,"37":720,"38":720,"41":1,"45":1,"50":1,"51":1}},"/home/travis/build/npmtest/node-npmtest-hypernal/node_modules/hypernal/lib/options.js":{"path":"/home/travis/build/npmtest/node-npmtest-hypernal/node_modules/hypernal/lib/options.js","s":{"1":1,"2":1,"3":1,"4":1,"5":1,"6":1,"7":1,"8":1,"9":1,"10":1},"b":{},"f":{"1":1},"fnMap":{"1":{"name":"(anonymous_1)","line":3,"loc":{"start":{"line":3,"column":17},"end":{"line":3,"column":37}}}},"statementMap":{"1":{"start":{"line":3,"column":0},"end":{"line":13,"column":2}},"2":{"start":{"line":4,"column":2},"end":{"line":4,"column":38}},"3":{"start":{"line":5,"column":2},"end":{"line":5,"column":39}},"4":{"start":{"line":6,"column":2},"end":{"line":6,"column":35}},"5":{"start":{"line":7,"column":2},"end":{"line":7,"column":36}},"6":{"start":{"line":8,"column":2},"end":{"line":8,"column":36}},"7":{"start":{"line":9,"column":2},"end":{"line":9,"column":35}},"8":{"start":{"line":10,"column":2},"end":{"line":10,"column":36}},"9":{"start":{"line":11,"column":2},"end":{"line":11,"column":36}},"10":{"start":{"line":12,"column":2},"end":{"line":12,"column":36}}},"branchMap":{},"code":["'use strict';","","module.exports = function (Terminal) {","  Terminal.termName        =  'xterm';","  Terminal.geometry        =  [80, 24];","  Terminal.cursorBlink     =  true;","  Terminal.visualBell      =  false;","  Terminal.popOnBell       =  false;","  Terminal.scrollback      =  1000;","  Terminal.screenKeys      =  false;","  Terminal.programFeatures =  false;","  Terminal.debug           =  false;","};",""],"l":{"3":1,"4":1,"5":1,"6":1,"7":1,"8":1,"9":1,"10":1,"11":1,"12":1}},"/home/travis/build/npmtest/node-npmtest-hypernal/node_modules/hypernal/lib/open.js":{"path":"/home/travis/build/npmtest/node-npmtest-hypernal/node_modules/hypernal/lib/open.js","s":{"1":1,"2":0,"3":0,"4":0,"5":0,"6":0,"7":0,"8":0,"9":0,"10":1,"11":1,"12":0,"13":0,"14":0,"15":0,"16":0,"17":0,"18":0,"19":0,"20":0,"21":0,"22":0,"23":0,"24":0},"b":{"1":[0,0]},"f":{"1":0,"2":1,"3":0},"fnMap":{"1":{"name":"isBoldBroken","line":5,"loc":{"start":{"line":5,"column":0},"end":{"line":5,"column":24}}},"2":{"name":"(anonymous_2)","line":16,"loc":{"start":{"line":16,"column":17},"end":{"line":16,"column":37}}},"3":{"name":"(anonymous_3)","line":21,"loc":{"start":{"line":21,"column":28},"end":{"line":21,"column":39}}}},"statementMap":{"1":{"start":{"line":5,"column":0},"end":{"line":14,"column":1}},"2":{"start":{"line":6,"column":4},"end":{"line":6,"column":44}},"3":{"start":{"line":7,"column":4},"end":{"line":7,"column":33}},"4":{"start":{"line":8,"column":4},"end":{"line":8,"column":34}},"5":{"start":{"line":9,"column":4},"end":{"line":9,"column":28}},"6":{"start":{"line":10,"column":4},"end":{"line":10,"column":33}},"7":{"start":{"line":11,"column":4},"end":{"line":11,"column":28}},"8":{"start":{"line":12,"column":4},"end":{"line":12,"column":34}},"9":{"start":{"line":13,"column":4},"end":{"line":13,"column":21}},"10":{"start":{"line":16,"column":0},"end":{"line":47,"column":2}},"11":{"start":{"line":21,"column":2},"end":{"line":46,"column":4}},"12":{"start":{"line":22,"column":4},"end":{"line":24,"column":10}},"13":{"start":{"line":26,"column":4},"end":{"line":26,"column":49}},"14":{"start":{"line":27,"column":4},"end":{"line":27,"column":40}},"15":{"start":{"line":28,"column":4},"end":{"line":28,"column":23}},"16":{"start":{"line":30,"column":4},"end":{"line":34,"column":5}},"17":{"start":{"line":31,"column":6},"end":{"line":31,"column":42}},"18":{"start":{"line":32,"column":6},"end":{"line":32,"column":36}},"19":{"start":{"line":33,"column":6},"end":{"line":33,"column":30}},"20":{"start":{"line":36,"column":4},"end":{"line":36,"column":35}},"21":{"start":{"line":39,"column":4},"end":{"line":41,"column":5}},"22":{"start":{"line":40,"column":6},"end":{"line":40,"column":43}},"23":{"start":{"line":44,"column":4},"end":{"line":44,"column":67}},"24":{"start":{"line":45,"column":4},"end":{"line":45,"column":57}}},"branchMap":{"1":{"line":39,"type":"if","locations":[{"start":{"line":39,"column":4},"end":{"line":39,"column":4}},{"start":{"line":39,"column":4},"end":{"line":39,"column":4}}]}},"code":["'use strict';","","// if bold is broken, we can't","// use it in the terminal.","function isBoldBroken() {","    var el = document.createElement('span');","    el.innerHTML = 'hello world';","    document.body.appendChild(el);","    var w1 = el.scrollWidth;","    el.style.fontWeight = 'bold';","    var w2 = el.scrollWidth;","    document.body.removeChild(el);","    return w1 !== w2;","}","","module.exports = function (Terminal) {","  /**","  * Open Terminal","  */","","  Terminal.prototype.open = function() {","    var self = this,","      i = 0,","      div;","","    this.element = document.createElement('div');","    this.element.className = 'terminal';","    this.children = [];","","    for (; i < this.rows; i++) {","      div = document.createElement('div');","      this.element.appendChild(div);","      this.children.push(div);","    }","","    this.refresh(0, this.rows - 1);","","    // XXX - hack, move this somewhere else.","    if (Terminal.brokenBold === null) {","      Terminal.brokenBold = isBoldBroken();","    }","","    // sync default bg/fg colors","    this.element.style.backgroundColor = Terminal.defaultColors.bg;","    this.element.style.color = Terminal.defaultColors.fg;","  };","};",""],"l":{"5":1,"6":0,"7":0,"8":0,"9":0,"10":0,"11":0,"12":0,"13":0,"16":1,"21":1,"22":0,"26":0,"27":0,"28":0,"30":0,"31":0,"32":0,"33":0,"36":0,"39":0,"40":0,"44":0,"45":0}},"/home/travis/build/npmtest/node-npmtest-hypernal/node_modules/hypernal/lib/destroy.js":{"path":"/home/travis/build/npmtest/node-npmtest-hypernal/node_modules/hypernal/lib/destroy.js","s":{"1":1,"2":1,"3":0,"4":0,"5":0,"6":0,"7":0},"b":{},"f":{"1":1,"2":0,"3":0,"4":0},"fnMap":{"1":{"name":"(anonymous_1)","line":3,"loc":{"start":{"line":3,"column":17},"end":{"line":3,"column":37}}},"2":{"name":"(anonymous_2)","line":4,"loc":{"start":{"line":4,"column":31},"end":{"line":4,"column":42}}},"3":{"name":"(anonymous_3)","line":8,"loc":{"start":{"line":8,"column":19},"end":{"line":8,"column":30}}},"4":{"name":"(anonymous_4)","line":9,"loc":{"start":{"line":9,"column":17},"end":{"line":9,"column":28}}}},"statementMap":{"1":{"start":{"line":3,"column":0},"end":{"line":11,"column":2}},"2":{"start":{"line":4,"column":2},"end":{"line":10,"column":4}},"3":{"start":{"line":5,"column":4},"end":{"line":5,"column":26}},"4":{"start":{"line":6,"column":4},"end":{"line":6,"column":26}},"5":{"start":{"line":7,"column":4},"end":{"line":7,"column":22}},"6":{"start":{"line":8,"column":4},"end":{"line":8,"column":33}},"7":{"start":{"line":9,"column":4},"end":{"line":9,"column":31}}},"branchMap":{},"code":["'use strict';","","module.exports = function (Terminal) { ","  Terminal.prototype.destroy = function() {","    this.readable = false;","    this.writable = false;","    this._events = {};","    this.handler = function() {};","    this.write = function() {};","  };","};",""],"l":{"3":1,"4":1,"5":0,"6":0,"7":0,"8":0,"9":0}},"/home/travis/build/npmtest/node-npmtest-hypernal/node_modules/hypernal/lib/refresh.js":{"path":"/home/travis/build/npmtest/node-npmtest-hypernal/node_modules/hypernal/lib/refresh.js","s":{"1":1,"2":1,"3":0,"4":0,"5":0,"6":0,"7":0,"8":0,"9":0,"10":0,"11":0,"12":0,"13":0,"14":0,"15":0,"16":0,"17":0,"18":0,"19":0,"20":0,"21":0,"22":0,"23":0,"24":0,"25":0,"26":0,"27":0,"28":0,"29":0,"30":0,"31":0,"32":0,"33":0,"34":0,"35":0,"36":0,"37":0,"38":0,"39":0,"40":0,"41":0,"42":0,"43":0,"44":0,"45":0,"46":0,"47":0,"48":0,"49":0,"50":0,"51":0,"52":0,"53":0,"54":0,"55":0,"56":0,"57":0,"58":0,"59":0,"60":0},"b":{"1":[0,0],"2":[0,0],"3":[0,0,0,0],"4":[0,0],"5":[0,0],"6":[0,0],"7":[0,0],"8":[0,0],"9":[0,0],"10":[0,0],"11":[0,0],"12":[0,0],"13":[0,0],"14":[0,0],"15":[0,0,0,0],"16":[0,0],"17":[0,0],"18":[0,0]},"f":{"1":1,"2":0},"fnMap":{"1":{"name":"(anonymous_1)","line":3,"loc":{"start":{"line":3,"column":17},"end":{"line":3,"column":37}}},"2":{"name":"(anonymous_2)","line":19,"loc":{"start":{"line":19,"column":31},"end":{"line":19,"column":52}}}},"statementMap":{"1":{"start":{"line":3,"column":0},"end":{"line":123,"column":2}},"2":{"start":{"line":19,"column":2},"end":{"line":122,"column":4}},"3":{"start":{"line":20,"column":4},"end":{"line":20,"column":88}},"4":{"start":{"line":23,"column":4},"end":{"line":23,"column":22}},"5":{"start":{"line":24,"column":4},"end":{"line":24,"column":14}},"6":{"start":{"line":26,"column":4},"end":{"line":119,"column":5}},"7":{"start":{"line":27,"column":6},"end":{"line":27,"column":27}},"8":{"start":{"line":29,"column":6},"end":{"line":29,"column":29}},"9":{"start":{"line":30,"column":6},"end":{"line":34,"column":7}},"10":{"start":{"line":33,"column":8},"end":{"line":33,"column":28}},"11":{"start":{"line":36,"column":6},"end":{"line":36,"column":15}},"12":{"start":{"line":38,"column":6},"end":{"line":42,"column":7}},"13":{"start":{"line":39,"column":8},"end":{"line":39,"column":19}},"14":{"start":{"line":41,"column":8},"end":{"line":41,"column":15}},"15":{"start":{"line":44,"column":6},"end":{"line":44,"column":26}},"16":{"start":{"line":45,"column":6},"end":{"line":45,"column":12}},"17":{"start":{"line":47,"column":6},"end":{"line":112,"column":7}},"18":{"start":{"line":48,"column":8},"end":{"line":48,"column":26}},"19":{"start":{"line":49,"column":8},"end":{"line":49,"column":24}},"20":{"start":{"line":51,"column":8},"end":{"line":51,"column":31}},"21":{"start":{"line":51,"column":21},"end":{"line":51,"column":31}},"22":{"start":{"line":53,"column":8},"end":{"line":90,"column":9}},"23":{"start":{"line":54,"column":10},"end":{"line":56,"column":11}},"24":{"start":{"line":55,"column":12},"end":{"line":55,"column":29}},"25":{"start":{"line":57,"column":10},"end":{"line":89,"column":11}},"26":{"start":{"line":58,"column":12},"end":{"line":88,"column":13}},"27":{"start":{"line":59,"column":14},"end":{"line":59,"column":52}},"28":{"start":{"line":61,"column":14},"end":{"line":61,"column":37}},"29":{"start":{"line":63,"column":14},"end":{"l
[...]
,"22":{"line":130,"type":"binary-expr","locations":[{"start":{"line":130,"column":18},"end":{"line":130,"column":27}},{"start":{"line":130,"column":31},"end":{"line":130,"column":32}}]}},"code":["'use strict';","","module.exports = function (Terminal) {","  // CSI s","  // Save cursor (ANSI.SYS).","  Terminal.prototype.saveCursor = function(params) {","    this.savedX = this.x;","    this.savedY = this.y;","  };","","  // CSI u","  // Restore cursor (ANSI.SYS).","  Terminal.prototype.restoreCursor = function(params) {","    this.x = this.savedX || 0;","    this.y = this.savedY || 0;","  };","","  // CSI Ps A","  // Cursor Up Ps Times (default = 1) (CUU).","  Terminal.prototype.cursorUp = function(params) {","      var param = params[0];","      if (param < 1) param = 1;","      this.y -= param;","      if (this.y < 0) this.y = 0;","  };","","  // CSI Ps B","  // Cursor Down Ps Times (default = 1) (CUD).","  Terminal.prototype.cursorDown = function(params) {","      var param = params[0];","      if (param < 1) param = 1;","      this.y += param;","      if (this.y >= this.rows) {","          this.y = this.rows - 1;","      }","  };","","  // CSI Ps C","  // Cursor Forward Ps Times (default = 1) (CUF).","  Terminal.prototype.cursorForward = function(params) {","      var param = params[0];","      if (param < 1) param = 1;","      this.x += param;","      if (this.x >= this.cols) {","          this.x = this.cols - 1;","      }","  };","","  // CSI Ps D","  // Cursor Backward Ps Times (default = 1) (CUB).","  Terminal.prototype.cursorBackward = function(params) {","      var param = params[0];","      if (param < 1) param = 1;","      this.x -= param;","      if (this.x < 0) this.x = 0;","  };","","  // CSI Ps ; Ps H","  // Cursor Position [row;column] (default = [1,1]) (CUP).","  Terminal.prototype.cursorPos = function(params) {","      var row, col;","","      row = params[0] - 1;","","      if (params.length >= 2) {","          col = params[1] - 1;","      } else {","          col = 0;","      }","","      if (row < 0) {","          row = 0;","      } else if (row >= this.rows) {","          row = this.rows - 1;","      }","","      if (col < 0) {","          col = 0;","      } else if (col >= this.cols) {","          col = this.cols - 1;","      }","","      this.x = col;","      this.y = row;","  };","  ","  // CSI Ps E","  // Cursor Next Line Ps Times (default = 1) (CNL).","  // same as CSI Ps B ?","  Terminal.prototype.cursorNextLine = function(params) {","      var param = params[0];","      if (param < 1) param = 1;","      this.y += param;","      if (this.y >= this.rows) {","          this.y = this.rows - 1;","      }","      this.x = 0;","  };","","  // CSI Ps F","  // Cursor Preceding Line Ps Times (default = 1) (CNL).","  // reuse CSI Ps A ?","  Terminal.prototype.cursorPrecedingLine = function(params) {","      var param = params[0];","      if (param < 1) param = 1;","      this.y -= param;","      if (this.y < 0) this.y = 0;","      this.x = 0;","  };","","  // CSI Ps G","  // Cursor Character Absolute [column] (default = [row,1]) (CHA).","  Terminal.prototype.cursorCharAbsolute = function(params) {","      var param = params[0];","      if (param < 1) param = 1;","      this.x = param - 1;","  };","","  // CSI Ps I","  // Cursor Forward Tabulation Ps tab stops (default = 1) (CHT).","  Terminal.prototype.cursorForwardTab = function(params) {","      var param = params[0] || 1;","      while (param--) {","          this.x = this.nextStop();","      }","  };","","  // CSI Ps Z Cursor Backward Tabulation Ps tab stops (default = 1) (CBT).","  Terminal.prototype.cursorBackwardTab = function(params) {","      var param = params[0] || 1;","      while (param--) {","          this.x = this.prevStop();","      }","  };","","};",""],"l":{"3":1,"6":1,"7":0,"8":0,"13":1,"14":0,"15":0,"20":1,"21":0,"22":0,"23":0,"24":0,"29":1,"30":0,"31":0,"32":0,"33":0,"34":0,"40":1,"41":0,"42":0,"43":0,"44":0,"45":0,"51":1,"52":0,"53":0,"54":0,"55":0,"60":1,"61":0,"63":0,"65":0,"66":0,"68":0,"71":0,"72":0,"73":0,"74":0,"77":0,"78":0,"79":0,"80":0,"83":0,"84":0,"90":1,"91":0,"92":0,"93":0,"94":0,"95":0,"97":0,"103":1,"104":0,"105":0,"106":0,"107":0,"108":0,"113":1,"114":0,"115":0,"116":0,"121":1,"122":0,"123":0,"124":0,"129":1,"130":0,"131":0,"132":0}},"/home/travis/build/npmtest/node-npmtest-hypernal/node_modules/hypernal/lib/csi/repeatPrecedingCharacter.js":{"path":"/home/travis/build/npmtest/node-npmtest-hypernal/node_modules/hypernal/lib/csi/repeatPrecedingCharacter.js","s":{"1":1,"2":1,"3":0,"4":0,"5":0},"b":{"1":[0,0],"2":[0,0]},"f":{"1":1,"2":0},"fnMap":{"1":{"name":"(anonymous_1)","line":3,"loc":{"start":{"line":3,"column":17},"end":{"line":3,"column":37}}},"2":{"name":"(anonymous_2)","line":5,"loc":{"start":{"line":5,"column":48},"end":{"line":5,"column":65}}}},"statementMap":{"1":{"start":{"line":3,"column":0},"end":{"line":12,"column":2}},"2":{"start":{"line":5,"column":2},"end":{"line":11,"column":4}},"3":{"start":{"line":6,"column":4},"end":{"line":8,"column":51}},"4":{"start":{"line":10,"column":4},"end":{"line":10,"column":40}},"5":{"start":{"line":10,"column":20},"end":{"line":10,"column":40}}},"branchMap":{"1":{"line":6,"type":"binary-expr","locations":[{"start":{"line":6,"column":16},"end":{"line":6,"column":25}},{"start":{"line":6,"column":29},"end":{"line":6,"column":30}}]},"2":{"line":8,"type":"binary-expr","locations":[{"start":{"line":8,"column":11},"end":{"line":8,"column":27}},{"start":{"line":8,"column":31},"end":{"line":8,"column":50}}]}},"code":["'use strict';","","module.exports = function (Terminal) {","  // CSI Ps b Repeat the preceding graphic character Ps times (REP).","  Terminal.prototype.repeatPrecedingCharacter = function(params) {","    var param = params[0] || 1,","      line = this.lines[this.ybase + this.y],","      ch = line[this.x - 1] || [this.defAttr, ' '];","","    while (param--) line[this.x++] = ch;","  };","};",""],"l":{"3":1,"5":1,"6":0,"10":0}},"/home/travis/build/npmtest/node-npmtest-hypernal/node_modules/hypernal/lib/csi/tabClear.js":{"path":"/home/travis/build/npmtest/node-npmtest-hypernal/node_modules/hypernal/lib/csi/tabClear.js","s":{"1":1,"2":1,"3":0,"4":0,"5":0,"6":0,"7":0},"b":{"1":[0,0],"2":[0,0]},"f":{"1":1,"2":0},"fnMap":{"1":{"name":"(anonymous_1)","line":3,"loc":{"start":{"line":3,"column":17},"end":{"line":3,"column":37}}},"2":{"name":"(anonymous_2)","line":10,"loc":{"start":{"line":10,"column":32},"end":{"line":10,"column":49}}}},"statementMap":{"1":{"start":{"line":3,"column":0},"end":{"line":18,"column":2}},"2":{"start":{"line":10,"column":2},"end":{"line":17,"column":4}},"3":{"start":{"line":11,"column":4},"end":{"line":11,"column":26}},"4":{"start":{"line":12,"column":4},"end":{"line":16,"column":5}},"5":{"start":{"line":13,"column":6},"end":{"line":13,"column":31}},"6":{"start":{"line":14,"column":11},"end":{"line":16,"column":5}},"7":{"start":{"line":15,"column":6},"end":{"line":15,"column":21}}},"branchMap":{"1":{"line":12,"type":"if","locations":[{"start":{"line":12,"column":4},"end":{"line":12,"column":4}},{"start":{"line":12,"column":4},"end":{"line":12,"column":4}}]},"2":{"line":14,"type":"if","locations":[{"start":{"line":14,"column":11},"end":{"line":14,"column":11}},{"start":{"line":14,"column":11},"end":{"line":14,"column":11}}]}},"code":["'use strict';","","module.exports = function (Terminal) {","  // CSI Ps g Tab Clear (TBC).","  // Ps = 0 -> Clear Current Column (default).","  // Ps = 3 -> Clear All.","  // Potentially:","  // Ps = 2 -> Clear Stops on Line.","  // http://vt100.net/annarbor/aaa-ug/section6.html","  Terminal.prototype.tabClear = function(params) {","    var param = params[0];","    if (param <= 0) {","      delete this.tabs[this.x];","    } else if (param === 3) {","      this.tabs = {};","    }","  };","};",""],"l":{"3":1,"10":1,"11":0,"12":0,"13":0,"14":0,"15":0}},"/home/travis/build/npmtest/node-npmtest-hypernal/node_modules/hypernal/lib/csi/softReset.js":{"path":"/home/travis/build/npmtest/node-npmtest-hypernal/node_modules/hypernal/lib/csi/softReset.js","s":{"1":1,"2":1,"3":0,"4":0,"5":0,"6":0,"7":0,"8":0,"9":0,"10":0,"11":0,"12":0,"13":0,"14":0},"b":{},"f":{"1":1,"2":0},"fnMap":{"1":{"name":"(anonymous_1)","line":3,"loc":{"start":{"line":3,"column":17},"end":{"line":3,"column":37}}},"2":{"name":"(anonymous_2)","line":6,"loc":{"start":{"line":6,"column":33},"end":{"line":6,"column":50}}}},"statementMap":{"1":{"start":{"line":3,"column":0},"end":{"line":20,"column":2}},"2":{"start":{"line":6,"column":2},"end":{"line":19,"column":4}},"3":{"start":{"line":7,"column":4},"end":{"line":7,"column":30}},"4":{"start":{"line":8,"column":4},"end":{"line":8,"column":28}},"5":{"start":{"line":9,"column":4},"end":{"line":9,"column":28}},"6":{"start":{"line":10,"column":4},"end":{"line":10,"column":32}},"7":{"start":{"line":11,"column":4},"end":{"line":11,"column":35}},"8":{"start":{"line":12,"column":4},"end":{"line":12,"column":23}},"9":{"start":{"line":13,"column":4},"end":{"line":13,"column":38}},"10":{"start":{"line":14,"column":4},"end":{"line":14,"column":32}},"11":{"start":{"line":15,"column":4},"end":{"line":15,"column":24}},"12":{"start":{"line":16,"column":4},"end":{"line":16,"column":24}},"13":{"start":{"line":17,"column":4},"end":{"line":17,"column":20}},"14":{"start":{"line":18,"column":4},"end":{"line":18,"column":27}}},"branchMap":{},"code":["'use strict';","","module.exports = function (Terminal) {","  // CSI ! p Soft terminal reset (DECSTR).","  // http://vt100.net/docs/vt220-rm/table4-10.html","  Terminal.prototype.softReset = function(params) {","    this.cursorHidden = false;","    this.insertMode = false;","    this.originMode = false;","    this.wraparoundMode = false; // autowrap","    this.applicationKeypad = false; // ?","    this.scrollTop = 0;","    this.scrollBottom = this.rows - 1;","    this.curAttr = this.defAttr;","    this.x = this.y = 0; // ?","    this.charset = null;","    this.glevel = 0; // ??","    this.charsets = [null]; // ??","  };","};",""],"l":{"3":1,"6":1,"7":0,"8":0,"9":0,"10":0,"11":0,"12":0,"13":0,"14":0,"15":0,"16":0,"17":0,"18":0}},"/home/travis/build/npmtest/node-npmtest-hypernal/node_modules/hypernal/lib/charsets.js":{"path":"/home/travis/build/npmtest/node-npmtest-hypernal/node_modules/hypernal/lib/charsets.js","s":{"1":1,"2":1,"3":1,"4":1,"5":1,"6":1,"7":1,"8":1,"9":1,"10":1,"11":1,"12":1,"13":1,"14":1,"15":1,"16":1},"b":{},"f":{"1":1},"fnMap":{"1":{"name":"(anonymous_1)","line":3,"loc":{"start":{"line":3,"column":17},"end":{"line":3,"column":37}}}},"statementMap":{"1":{"start":{"line":3,"column":0},"end":{"line":63,"column":2}},"2":{"start":{"line":5,"column":0},"end":{"line":5,"column":23}},"3":{"start":{"line":15,"column":2},"end":{"line":47,"column":4}},"4":{"start":{"line":49,"column":2},"end":{"line":49,"column":30}},"5":{"start":{"line":50,"column":2},"end":{"line":50,"column":30}},"6":{"start":{"line":51,"column":2},"end":{"line":51,"column":33}},"7":{"start":{"line":52,"column":2},"end":{"line":52,"column":35}},"8":{"start":{"line":53,"column":2},"end":{"line":53,"column":34}},"9":{"start":{"line":54,"column":2},"end":{"line":54,"column":42}},"10":{"start":{"line":55,"column":2},"end":{"line":55,"column":34}},"11":{"start":{"line":56,"column":2},"end":{"line":56,"column":35}},"12":{"start":{"line":57,"column":2},"end":{"line":57,"column":43}},"13":{"start":{"line":58,"column":2},"end":{"line":58,"column":35}},"14":{"start":{"line":59,"column":2},"end":{"line":59,"column":35}},"15":{"start":{"line":60,"column":2},"end":{"line":60,"column":33}},"16":{"start":{"line":61,"column":2},"end":{"line":61,"column":36}}},"branchMap":{},"code":["'use strict';","","module.exports = function (Terminal) {","","Terminal.charsets = {};","","  // DEC Special Character and Line Drawing Set.","  // http://vt100.net/docs/vt102-ug/table5-13.html","  // A lot of curses apps use this if they see TERM=xterm.","  // testing: echo -e '\\e(0a\\e(B'","  // The xterm output sometimes seems to conflict with the","  // reference above. xterm seems in line with the reference","  // when running vttest however.","  // The table below now uses xterm's output from vttest.","  Terminal.charsets.SCLD = { // (0","    '`': '\\u25c6', // '◆'","    'a': '\\u2592', // '▒'","    'b': '\\u0009', // '\\t'","    'c': '\\u000c', // '\\f'","    'd': '\\u000d', // '\\r'","    'e': '\\u000a', // '\\n'","    'f': '\\u00b0', // '°'","    'g': '\\u00b1', // '±'","    'h': '\\u2424', // '\\u2424' (NL)","    'i': '\\u000b', // '\\v'","    'j': '\\u2518', // '┘'","    'k': '\\u2510', // '┐'","    'l': '\\u250c', // '┌'","    'm': '\\u2514', // '└'","    'n': '\\u253c', // '┼'","    'o': '\\u23ba', // '⎺'","    'p': '\\u23bb', // '⎻'","    'q': '\\u2500', // '─'","    'r': '\\u23bc', // '⎼'","    's': '\\u23bd', // '⎽'","    't': '\\u251c', // '├'","    'u': '\\u2524', // '┤'","    'v': '\\u2534', // '┴'","    'w': '\\u252c', // '┬'","    'x': '\\u2502', // '│'","    'y': '\\u2264', // '≤'","    'z': '\\u2265', // '≥'","    '{': '\\u03c0', // 'π'","    '|': '\\u2260', // '≠'","    '}': '\\u00a3', // '£'","    '~': '\\u00b7' // '·'","  };","","  Terminal.charsets.UK = null; // (A","  Terminal.charsets.US = null; // (B (USASCII)","  Terminal.charsets.Dutch = null; // (4","  Terminal.charsets.Finnish = null; // (C or (5","  Terminal.charsets.French = null; // (R","  Terminal.charsets.FrenchCanadian = null; // (Q","  Terminal.charsets.German = null; // (K","  Terminal.charsets.Italian = null; // (Y","  Terminal.charsets.NorwegianDanish = null; // (E or (6","  Terminal.charsets.Spanish = null; // (Z","  Terminal.charsets.Swedish = null; // (H or (7","  Terminal.charsets.Swiss = null; // (=","  Terminal.charsets.ISOLatin = null; // /A","","};",""],"l":{"3":1,"5":1,"15":1,"49":1,"50":1,"51":1,"52":1,"53":1,"54":1,"55":1,"56":1,"57":1,"58":1,"59":1,"60":1,"61":1}},"/home/travis/build/npmtest/node-npmtest-hypernal/node_modules/hypernal/lib/cursor.js":{"path":"/home/travis/build/npmtest/node-npmtest-hypernal/node_modules/hypernal/lib/cursor.js","s":{"1":1,"2":0,"3":0,"4":0,"5":0,"6":0,"7":0,"8":0,"9":0,"10":0,"11":0,"12":0,"13":0,"14":0,"15":0,"16":0,"17":0,"18":0,"19":0,"20":0,"21":0,"22":0},"b":{"1":[0,0],"2":[0,0],"3":[0,0],"4":[0,0]},"f":{"1":0,"2":0,"3":0,"4":0,"5":0,"6":0},"fnMap":{"1":{"name":"(anonymous_1)","line":3,"loc":{"start":{"line":3,"column":17},"end":{"line":3,"column":37}}},"2":{"name":"(anonymous_2)","line":4,"loc":{"start":{"line":4,"column":35},"end":{"line":4,"column":46}}},"3":{"name":"(anonymous_3)","line":10,"loc":{"start":{"line":10,"column":34},"end":{"line":10,"column":45}}},"4":{"name":"(anonymous_4)","line":20,"loc":{"start":{"line":20,"column":34},"end":{"line":20,"column":45}}},"5":{"name":"(anonymous_5)","line":23,"loc":{"start":{"line":23,"column":20},"end":{"line":23,"column":31}}},"6":{"name":"(anonymous_6)","line":29,"loc":{"start":{"line":29,"column":36},"end":{"line":29,"column":47}}}},"statementMap":{"1":{"start":{"line":3,"column":0},"end":{"line":34,"column":2}},"2":{"start":{"line":4,"column":2},"end":{"line":8,"column":4}},"3":{"start":{"line":5,"column":4},"end":{"line":5,"column":40}},"4":{"start":{"line":5,"column":33},"end":{"line":5,"column":40}},"5":{"start":{"line":6,"column":4},"end":{"line":6,"column":26}},"6":{"start":{"line":7,"column":4},"end":{"line":7,"column":33}},"7":{"start":{"line":10,"column":2},"end":{"line":18,"column":4}},"8":{"start":{"line":11,"column":4},"end":{"line":17,"column":5}},"9":{"start":{"line":12,"column":6},"end":{"line":12,"column":27}},"10":{"start":{"line":13,"column":6},"end":{"line":13,"column":35}},"11":{"start":{"line":20,"column":2},"end":{"line":27,"column":4}},"12":{"start":{"line":21,"column":4},"end":{"line":21,"column":38}},"13":{"start":{"line":21,"column":31},"end":{"line":21,"column":38}},"14":{"start":{"line":22,"column":4},"end":{"line":22,"column":20}},"15":{"start":{"line":23,"column":4},"end":{"line":25,"column":6}},"16":{"start":{"line":24,"column":6},"end":{"line":24,"column":25}},"17":{"start":{"line":26,"column":4},"end":{"line":26,"column":50}},"18":{"start":{"line":29,"column":2},"end":{"line":33,"column":4}},"19":{"start":{"line":30,"column":4},"end":{"line":30,"column":38}},"20":{"start":{"line":30,"column":31},"end":{"line":30,"column":38}},"21":{"start":{"line":31,"column":4},"end":{"line":31,"column":31}},"22":{"start":{"line":32,"column":4},"end":{"line":32,"column":50}}},"branchMap":{"1":{"line":5,"type":"if","locations":[{"start":{"line":5,"column":4},"end":{"line":5,"column":4}},{"start":{"line":5,"column":4},"end":{"line":5,"column":4}}]},"2":{"line":11,"type":"if","locations":[{"start":{"line":11,"column":4},"end":{"line":11,"column":4}},{"start":{"line":11,"column":4},"end":{"line":11,"column":4}}]},"3":{"line":21,"type":"if","locations":[{"start":{"line":21,"column":4},"end":{"line":21,"column":4}},{"start":{"line":21,"column":4},"end":{"line":21,"column":4}}]},"4":{"line":30,"type":"if","locations":[{"start":{"line":30,"column":4},"end":{"line":30,"column":4}},{"start":{"line":30,"column":4},"end":{"line":30,"column":4}}]}},"code":["'use strict';","","module.exports = function (Terminal) {","  Terminal.prototype.cursorBlink = function() {","    if (Terminal.focus !== this) return;","    this.cursorState ^= 1;","    this.refresh(this.y, this.y);","  };","","  Terminal.prototype.showCursor = function() {","    if (!this.cursorState) {","      this.cursorState = 1;","      this.refresh(this.y, this.y);","    } else {","      // Temporarily disabled:","      // this.refreshBlink();","    }","  };","","  Terminal.prototype.startBlink = function() {","    if (!Terminal.cursorBlink) return;","    var self = this;","    this._blinker = function() {","      self.cursorBlink();","    };","    this._blink = setInterval(this._blinker, 500);","  };","","  Terminal.prototype.refreshBlink = function() {","    if (!Terminal.cursorBlink) return;","    clearInterval(this._blink);","    this._blink = setInterval(this._blinker, 500);","  };","};",""],"l":{"3":1,"4":0,"5":0,"6":0,"7":0,"10":0,"11":0,"12":0,"13":0,"20":0,"21":0,"22":0,"23":0,"24":0,"26":0,"29":0,"30":0,"31":0,"32":0}},"/home/travis/build/npmtest/node-npmtest-hypernal/node_modules/hypernal/lib/scrollDisp.js":{"path":"/home/travis/build/npmtest/node-npmtest-hypernal/node_modules/hypernal/lib/scrollDisp.js","s":{"1":1,"2":0,"3":0,"4":0,"5":0,"6":0,"7":0,"8":0},"b":{"1":[0,0],"2":[0,0]},"f":{"1":0,"2":0},"fnMap":{"1":{"name":"(anonymous_1)","line":3,"loc":{"start":{"line":3,"column":17},"end":{"line":3,"column":37}}},"2":{"name":"(anonymous_2)","line":4,"loc":{"start":{"line":4,"column":34},"end":{"line":4,"column":49}}}},"statementMap":{"1":{"start":{"line":3,"column":0},"end":{"line":15,"column":2}},"2":{"start":{"line":4,"column":2},"end":{"line":14,"column":4}},"3":{"start":{"line":5,"column":4},"end":{"line":5,"column":23}},"4":{"start":{"line":7,"column":4},"end":{"line":11,"column":5}},"5":{"start":{"line":8,"column":6},"end":{"line":8,"column":30}},"6":{"start":{"line":9,"column":11},"end":{"line":11,"column":5}},"7":{"start":{"line":10,"column":6},"end":{"line":10,"column":21}},"8":{"start":{"line":13,"column":4},"end":{"line":13,"column":35}}},"branchMap":{"1":{"line":7,"type":"if","locations":[{"start":{"line":7,"column":4},"end":{"line":7,"column":4}},{"start":{"line":7,"column":4},"end":{"line":7,"column":4}}]},"2":{"line":9,"type":"if","locations":[{"start":{"line":9,"column":11},"end":{"line":9,"column":11}},{"start":{"line":9,"column":11},"end":{"line":9,"column":11}}]}},"code":["'use strict';","","module.exports = function (Terminal) {","  Terminal.prototype.scrollDisp = function(disp) {","    this.ydisp += disp;","","    if (this.ydisp > this.ybase) {","      this.ydisp = this.ybase;","    } else if (this.ydisp < 0) {","      this.ydisp = 0;","    }","","    this.refresh(0, this.rows - 1);","  };","};",""],"l":{"3":1,"4":0,"5":0,"7":0,"8":0,"9":0,"10":0,"13":0}}}